<?xml version="1.0" encoding="UTF-8"?>
<!-- Generated by org.testng.reporters.JUnitXMLReporter -->
<testsuite ignored="0" hostname="DESKTOP-M3LFRSK" failures="0" tests="28" name="Default test" time="159.585" errors="0" timestamp="2022-09-26T15:47:19 IST">
  <testcase classname="HomePage.Homepage" name="FIPGTS_00001_FIPGTS_00001" time="2.755"/>
  <testcase classname="HomePage.Homepage" name="FIPGTS_00002" time="8.289"/>
  <testcase classname="HomePage.Homepage" name="FIPGTS_00001_FIPGTS_00003" time="2.602"/>
  <testcase classname="HomePage.Homepage" name="FIPGTS_00001_FIPGTS_00004" time="2.232"/>
  <testcase classname="HomePage.Homepage" name="FIPGTS_00001_FIPGTS_00005" time="4.305"/>
  <testcase classname="HomePage.Homepage" name="FIPGTS_00001_FIPGTS_00006" time="10.214"/>
  <testcase classname="HomePage.Homepage" name="FIPGTS_00001_FIPGTS_00007" time="4.348"/>
  <testcase classname="HomePage.Homepage" name="FIPGTS_00001_FIPGTS_00008" time="2.508"/>
  <testcase classname="HomePage.Homepage" name="FIPGTS_00002_FIPGTS_00001" time="2.499"/>
  <testcase classname="HomePage.Homepage" name="FIPGTS_00002_FIPGTS_00002" time="2.51"/>
  <testcase classname="HomePage.Homepage" name="FIPGTS_00002_FIPGTS_00003" time="2.497"/>
  <testcase classname="HomePage.Homepage" name="FIPGTS_00002_FIPGTS_00004" time="2.503"/>
  <testcase classname="HomePage.Homepage" name="FIPGTS_00002_FIPGTS_00005" time="2.495"/>
  <testcase classname="HomePage.Homepage" name="FIPGTS_00002_FIPGTS_00006" time="2.499"/>
  <testcase classname="HomePage.Homepage" name="FIPGTS_00002_FIPGTS_00007" time="10.645"/>
  <testcase classname="HomePage.Homepage" name="FIPGTS_00002_FIPGTS_00008" time="7.037"/>
  <testcase classname="HomePage.Homepage" name="FIPGTS_00002_FIPGTS_00009" time="8.325"/>
  <testcase classname="HomePage.Homepage" name="FIPGTS_00002_FIPGTS_000010" time="7.651"/>
  <testcase classname="HomePage.Homepage" name="FIPGTS_00002_FIPGTS_000011" time="5.209"/>
  <testcase classname="HomePage.Homepage" name="FIPGTS_00002_FIPGTS_000012" time="6.005"/>
  <testcase classname="HomePage.Homepage" name="FIPGTS_00003_FIPGTS_00001" time="5.452"/>
  <testcase classname="HomePage.Homepage" name="FIPGTS_00003_FIPGTS_00002" time="6.086"/>
  <testcase classname="HomePage.Homepage" name="FIPGTS_00003_FIPGTS_00003" time="5.877"/>
  <testcase classname="HomePage.Homepage" name="FIPGTS_00003_FIPGTS_00004" time="7.402"/>
  <testcase classname="HomePage.Homepage" name="FIPGTS_00003_FIPGTS_00006" time="16.536"/>
  <testcase classname="HomePage.Homepage" name="FIPGTS_00003_FIPGTS_00007" time="12.288"/>
  <testcase classname="HomePage.Homepage" name="FIPGTS_00003_FIPGTS_00008" time="4.488"/>
  <testcase classname="HomePage.Homepage" name="FIPGTS_00003_FIPGTS_00009" time="4.223"/>
</testsuite> <!-- Default test -->
