<?xml version="1.0" encoding="UTF-8"?>
<!-- Generated by org.testng.reporters.JUnitXMLReporter -->
<testsuite ignored="25" hostname="DESKTOP-M3LFRSK" failures="1" tests="3" name="Test1" time="10.021" errors="0" timestamp="2022-12-14T16:11:37 IST">
  <testcase classname="HomePage.Homepage" name="FIPGTS_00001_FIPGTS_00001" time="7.176"/>
  <testcase classname="HomePage.Homepage" name="FIPGTS_00002" time="0.083">
    <failure type="org.openqa.selenium.NoSuchElementException" message="no such element: Unable to locate element: {&amp;quot;method&amp;quot;:&amp;quot;xpath&amp;quot;,&amp;quot;selector&amp;quot;:&amp;quot;//inpumt[@class=&amp;apos;search_input&amp;apos;]&amp;quot;}
  (Session info: chrome=108.0.5359.99)
For documentation on this error, please visit: http://seleniumhq.org/exceptions/no_such_element.html
Build info: version: &amp;apos;3.14.0&amp;apos;, revision: &amp;apos;aacccce0&amp;apos;, time: &amp;apos;2018-08-02T20:19:58.91Z&amp;apos;
System info: host: &amp;apos;DESKTOP-M3LFRSK&amp;apos;, ip: &amp;apos;192.168.184.182&amp;apos;, os.name: &amp;apos;Windows 10&amp;apos;, os.arch: &amp;apos;amd64&amp;apos;, os.version: &amp;apos;10.0&amp;apos;, java.version: &amp;apos;17.0.1&amp;apos;
Driver info: org.openqa.selenium.chrome.ChromeDriver
Capabilities {acceptInsecureCerts: false, browserName: chrome, browserVersion: 108.0.5359.99, chrome: {chromedriverVersion: 108.0.5359.71 (1e0e3868ee06..., userDataDir: C:\Users\SPARKO~1\AppData\L...}, goog:chromeOptions: {debuggerAddress: localhost:52602}, javascriptEnabled: true, networkConnectionEnabled: false, pageLoadStrategy: normal, platform: WINDOWS, platformName: WINDOWS, proxy: Proxy(), setWindowRect: true, strictFileInteractability: false, timeouts: {implicit: 0, pageLoad: 300000, script: 30000}, unhandledPromptBehavior: dismiss and notify, webauthn:extension:credBlob: true, webauthn:extension:largeBlob: true, webauthn:virtualAuthenticators: true}
Session ID: f7df6da683ea4d3c46b75574cd45e96f
*** Element info: {Using=xpath, value=//inpumt[@class=&amp;apos;search_input&amp;apos;]}">
      <![CDATA[org.openqa.selenium.NoSuchElementException: no such element: Unable to locate element: {"method":"xpath","selector":"//inpumt[@class='search_input']"}
  (Session info: chrome=108.0.5359.99)
For documentation on this error, please visit: http://seleniumhq.org/exceptions/no_such_element.html
Build info: version: '3.14.0', revision: 'aacccce0', time: '2018-08-02T20:19:58.91Z'
System info: host: 'DESKTOP-M3LFRSK', ip: '192.168.184.182', os.name: 'Windows 10', os.arch: 'amd64', os.version: '10.0', java.version: '17.0.1'
Driver info: org.openqa.selenium.chrome.ChromeDriver
Capabilities {acceptInsecureCerts: false, browserName: chrome, browserVersion: 108.0.5359.99, chrome: {chromedriverVersion: 108.0.5359.71 (1e0e3868ee06..., userDataDir: C:\Users\SPARKO~1\AppData\L...}, goog:chromeOptions: {debuggerAddress: localhost:52602}, javascriptEnabled: true, networkConnectionEnabled: false, pageLoadStrategy: normal, platform: WINDOWS, platformName: WINDOWS, proxy: Proxy(), setWindowRect: true, strictFileInteractability: false, timeouts: {implicit: 0, pageLoad: 300000, script: 30000}, unhandledPromptBehavior: dismiss and notify, webauthn:extension:credBlob: true, webauthn:extension:largeBlob: true, webauthn:virtualAuthenticators: true}
Session ID: f7df6da683ea4d3c46b75574cd45e96f
*** Element info: {Using=xpath, value=//inpumt[@class='search_input']}
at org.openqa.selenium.remote.http.W3CHttpResponseCodec.createException(W3CHttpResponseCodec.java:187)
at org.openqa.selenium.remote.http.W3CHttpResponseCodec.decode(W3CHttpResponseCodec.java:122)
at org.openqa.selenium.remote.http.W3CHttpResponseCodec.decode(W3CHttpResponseCodec.java:49)
at org.openqa.selenium.remote.HttpCommandExecutor.execute(HttpCommandExecutor.java:158)
at org.openqa.selenium.remote.service.DriverCommandExecutor.execute(DriverCommandExecutor.java:83)
at org.openqa.selenium.remote.RemoteWebDriver.execute(RemoteWebDriver.java:548)
at org.openqa.selenium.remote.RemoteWebDriver.findElement(RemoteWebDriver.java:322)
at org.openqa.selenium.remote.RemoteWebDriver.findElementByXPath(RemoteWebDriver.java:424)
at org.openqa.selenium.By$ByXPath.findElement(By.java:353)
at org.openqa.selenium.remote.RemoteWebDriver.findElement(RemoteWebDriver.java:314)
at HomePage.Homepage.FIPGTS_00002(Homepage.java:53)
at java.base/java.util.ArrayList.forEach(ArrayList.java:1511)
... Removed 32 stack frames]]>
    </failure>
  </testcase> <!-- FIPGTS_00002 -->
  <testcase classname="HomePage.Homepage" name="FIPGTS_00001_FIPGTS_00003" time="2.494"/>
  <testcase classname="HomePage.Homepage" name="FIPGTS_00003_FIPGTS_00003" time="0.0">
    <ignored/>
  </testcase> <!-- FIPGTS_00003_FIPGTS_00003 -->
  <testcase classname="HomePage.Homepage" name="FIPGTS_00002_FIPGTS_00002" time="0.0">
    <ignored/>
  </testcase> <!-- FIPGTS_00002_FIPGTS_00002 -->
  <testcase classname="HomePage.Homepage" name="FIPGTS_00003_FIPGTS_00001" time="0.0">
    <ignored/>
  </testcase> <!-- FIPGTS_00003_FIPGTS_00001 -->
  <testcase classname="HomePage.Homepage" name="FIPGTS_00002_FIPGTS_00001" time="0.0">
    <ignored/>
  </testcase> <!-- FIPGTS_00002_FIPGTS_00001 -->
  <testcase classname="HomePage.Homepage" name="FIPGTS_00003_FIPGTS_00002" time="0.0">
    <ignored/>
  </testcase> <!-- FIPGTS_00003_FIPGTS_00002 -->
  <testcase classname="HomePage.Homepage" name="FIPGTS_00002_FIPGTS_000011" time="0.0">
    <ignored/>
  </testcase> <!-- FIPGTS_00002_FIPGTS_000011 -->
  <testcase classname="HomePage.Homepage" name="FIPGTS_00002_FIPGTS_000012" time="0.0">
    <ignored/>
  </testcase> <!-- FIPGTS_00002_FIPGTS_000012 -->
  <testcase classname="HomePage.Homepage" name="FIPGTS_00002_FIPGTS_000010" time="0.0">
    <ignored/>
  </testcase> <!-- FIPGTS_00002_FIPGTS_000010 -->
  <testcase classname="HomePage.Homepage" name="FIPGTS_00001_FIPGTS_00008" time="0.0">
    <ignored/>
  </testcase> <!-- FIPGTS_00001_FIPGTS_00008 -->
  <testcase classname="HomePage.Homepage" name="FIPGTS_00002_FIPGTS_00009" time="0.0">
    <ignored/>
  </testcase> <!-- FIPGTS_00002_FIPGTS_00009 -->
  <testcase classname="HomePage.Homepage" name="FIPGTS_00002_FIPGTS_00005" time="0.0">
    <ignored/>
  </testcase> <!-- FIPGTS_00002_FIPGTS_00005 -->
  <testcase classname="HomePage.Homepage" name="FIPGTS_00003_FIPGTS_00008" time="0.0">
    <ignored/>
  </testcase> <!-- FIPGTS_00003_FIPGTS_00008 -->
  <testcase classname="HomePage.Homepage" name="FIPGTS_00001_FIPGTS_00005" time="0.0">
    <ignored/>
  </testcase> <!-- FIPGTS_00001_FIPGTS_00005 -->
  <testcase classname="HomePage.Homepage" name="FIPGTS_00002_FIPGTS_00008" time="0.0">
    <ignored/>
  </testcase> <!-- FIPGTS_00002_FIPGTS_00008 -->
  <testcase classname="HomePage.Homepage" name="FIPGTS_00003_FIPGTS_00006" time="0.0">
    <ignored/>
  </testcase> <!-- FIPGTS_00003_FIPGTS_00006 -->
  <testcase classname="HomePage.Homepage" name="FIPGTS_00002_FIPGTS_00007" time="0.0">
    <ignored/>
  </testcase> <!-- FIPGTS_00002_FIPGTS_00007 -->
  <testcase classname="HomePage.Homepage" name="FIPGTS_00003_FIPGTS_00009" time="0.0">
    <ignored/>
  </testcase> <!-- FIPGTS_00003_FIPGTS_00009 -->
  <testcase classname="HomePage.Homepage" name="FIPGTS_00001_FIPGTS_00006" time="0.0">
    <ignored/>
  </testcase> <!-- FIPGTS_00001_FIPGTS_00006 -->
  <testcase classname="HomePage.Homepage" name="FIPGTS_00003_FIPGTS_00004" time="0.0">
    <ignored/>
  </testcase> <!-- FIPGTS_00003_FIPGTS_00004 -->
  <testcase classname="HomePage.Homepage" name="FIPGTS_00002_FIPGTS_00004" time="0.0">
    <ignored/>
  </testcase> <!-- FIPGTS_00002_FIPGTS_00004 -->
  <testcase classname="HomePage.Homepage" name="FIPGTS_00003_FIPGTS_00007" time="0.0">
    <ignored/>
  </testcase> <!-- FIPGTS_00003_FIPGTS_00007 -->
  <testcase classname="HomePage.Homepage" name="FIPGTS_00002_FIPGTS_00003" time="0.0">
    <ignored/>
  </testcase> <!-- FIPGTS_00002_FIPGTS_00003 -->
  <testcase classname="HomePage.Homepage" name="FIPGTS_00001_FIPGTS_00004" time="0.0">
    <ignored/>
  </testcase> <!-- FIPGTS_00001_FIPGTS_00004 -->
  <testcase classname="HomePage.Homepage" name="FIPGTS_00001_FIPGTS_00007" time="0.0">
    <ignored/>
  </testcase> <!-- FIPGTS_00001_FIPGTS_00007 -->
  <testcase classname="HomePage.Homepage" name="FIPGTS_00002_FIPGTS_00006" time="0.0">
    <ignored/>
  </testcase> <!-- FIPGTS_00002_FIPGTS_00006 -->
</testsuite> <!-- Test1 -->
