<?xml version="1.0" encoding="UTF-8"?>
<!-- Generated by org.testng.reporters.JUnitXMLReporter -->
<testsuite ignored="0" hostname="DESKTOP-M3LFRSK" failures="0" tests="28" name="Test1" time="139.62" errors="0" timestamp="2022-12-14T18:12:25 IST">
  <testcase classname="HomePage.Homepage" name="FIPGTS_00001_FIPGTS_00001" time="2.814"/>
  <testcase classname="HomePage.Homepage" name="FIPGTS_00002" time="8.205"/>
  <testcase classname="HomePage.Homepage" name="FIPGTS_00001_FIPGTS_00003" time="2.687"/>
  <testcase classname="HomePage.Homepage" name="FIPGTS_00001_FIPGTS_00004" time="2.244"/>
  <testcase classname="HomePage.Homepage" name="FIPGTS_00001_FIPGTS_00005" time="4.459"/>
  <testcase classname="HomePage.Homepage" name="FIPGTS_00001_FIPGTS_00006" time="10.233"/>
  <testcase classname="HomePage.Homepage" name="FIPGTS_00001_FIPGTS_00007" time="4.424"/>
  <testcase classname="HomePage.Homepage" name="FIPGTS_00001_FIPGTS_00008" time="2.664"/>
  <testcase classname="HomePage.Homepage" name="FIPGTS_00002_FIPGTS_00001" time="2.695"/>
  <testcase classname="HomePage.Homepage" name="FIPGTS_00002_FIPGTS_00002" time="2.714"/>
  <testcase classname="HomePage.Homepage" name="FIPGTS_00002_FIPGTS_00003" time="2.715"/>
  <testcase classname="HomePage.Homepage" name="FIPGTS_00002_FIPGTS_00004" time="2.603"/>
  <testcase classname="HomePage.Homepage" name="FIPGTS_00002_FIPGTS_00005" time="2.662"/>
  <testcase classname="HomePage.Homepage" name="FIPGTS_00002_FIPGTS_00006" time="2.689"/>
  <testcase classname="HomePage.Homepage" name="FIPGTS_00002_FIPGTS_00007" time="10.361"/>
  <testcase classname="HomePage.Homepage" name="FIPGTS_00002_FIPGTS_00008" time="6.965"/>
  <testcase classname="HomePage.Homepage" name="FIPGTS_00002_FIPGTS_00009" time="7.817"/>
  <testcase classname="HomePage.Homepage" name="FIPGTS_00002_FIPGTS_000010" time="7.761"/>
  <testcase classname="HomePage.Homepage" name="FIPGTS_00002_FIPGTS_000011" time="5.454"/>
  <testcase classname="HomePage.Homepage" name="FIPGTS_00002_FIPGTS_000012" time="5.895"/>
  <testcase classname="HomePage.Homepage" name="FIPGTS_00003_FIPGTS_00001" time="5.123"/>
  <testcase classname="HomePage.Homepage" name="FIPGTS_00003_FIPGTS_00002" time="6.252"/>
  <testcase classname="HomePage.Homepage" name="FIPGTS_00003_FIPGTS_00003" time="5.19"/>
  <testcase classname="HomePage.Homepage" name="FIPGTS_00003_FIPGTS_00004" time="2.461"/>
  <testcase classname="HomePage.Homepage" name="FIPGTS_00003_FIPGTS_00006" time="6.629"/>
  <testcase classname="HomePage.Homepage" name="FIPGTS_00003_FIPGTS_00007" time="6.88"/>
  <testcase classname="HomePage.Homepage" name="FIPGTS_00003_FIPGTS_00008" time="4.527"/>
  <testcase classname="HomePage.Homepage" name="FIPGTS_00003_FIPGTS_00009" time="4.32"/>
</testsuite> <!-- Test1 -->
