<?xml version="1.0" encoding="UTF-8"?>
<testng-results ignored="0" total="28" passed="0" failed="0" skipped="28">
  <reporter-output>
  </reporter-output>
  <suite started-at="2022-07-19T16:13:32 IST" name="Default suite" finished-at="2022-07-19T16:13:32 IST" duration-ms="346">
    <groups>
    </groups>
    <test started-at="2022-07-19T16:13:32 IST" name="Default test" finished-at="2022-07-19T16:13:32 IST" duration-ms="346">
      <class name="HomePage.Homepage">
        <test-method is-config="true" signature="launch_Browser()[pri:0, instance:HomePage.Homepage@54e1c68b]" started-at="2022-07-19T16:13:29 IST" name="launch_Browser" finished-at="2022-07-19T16:13:32 IST" duration-ms="2939" status="FAIL">
          <exception class="org.openqa.selenium.SessionNotCreatedException">
            <message>
              <![CDATA[session not created: This version of ChromeDriver only supports Chrome version 100
Current browser version is 103.0.5060.114 with binary path C:\Program Files\Google\Chrome\Application\chrome.exe
Build info: version: '3.14.0', revision: 'aacccce0', time: '2018-08-02T20:19:58.91Z'
System info: host: 'DESKTOP-M3LFRSK', ip: '192.168.1.131', os.name: 'Windows 10', os.arch: 'amd64', os.version: '10.0', java.version: '17.0.2'
Driver info: driver.version: ChromeDriver
remote stacktrace: Backtrace:
Ordinal0 [0x01037413+2389011]
Ordinal0 [0x00FC9F61+1941345]
Ordinal0 [0x00EBC658+837208]
Ordinal0 [0x00EDC773+968563]
Ordinal0 [0x00ED837A+951162]
Ordinal0 [0x00ED5C51+941137]
Ordinal0 [0x00F08C80+1150080]
Ordinal0 [0x00F088DA+1149146]
Ordinal0 [0x00F03F66+1130342]
Ordinal0 [0x00EDE546+976198]
Ordinal0 [0x00EDF456+980054]
GetHandleVerifier [0x011E9632+1727522]
GetHandleVerifier [0x0129BA4D+2457661]
GetHandleVerifier [0x010CEB81+569713]
GetHandleVerifier [0x010CDD76+566118]
Ordinal0 [0x00FD0B2B+1968939]
Ordinal0 [0x00FD5988+1989000]
Ordinal0 [0x00FD5A75+1989237]
Ordinal0 [0x00FDECB1+2026673]
BaseThreadInitThunk [0x76CCFA29+25]
RtlGetAppContainerNamedObjectPath [0x77BA7A9E+286]
RtlGetAppContainerNamedObjectPath [0x77BA7A6E+238]
]]>
            </message>
            <full-stacktrace>
              <![CDATA[org.openqa.selenium.SessionNotCreatedException: session not created: This version of ChromeDriver only supports Chrome version 100
Current browser version is 103.0.5060.114 with binary path C:\Program Files\Google\Chrome\Application\chrome.exe
Build info: version: '3.14.0', revision: 'aacccce0', time: '2018-08-02T20:19:58.91Z'
System info: host: 'DESKTOP-M3LFRSK', ip: '192.168.1.131', os.name: 'Windows 10', os.arch: 'amd64', os.version: '10.0', java.version: '17.0.2'
Driver info: driver.version: ChromeDriver
remote stacktrace: Backtrace:
Ordinal0 [0x01037413+2389011]
Ordinal0 [0x00FC9F61+1941345]
Ordinal0 [0x00EBC658+837208]
Ordinal0 [0x00EDC773+968563]
Ordinal0 [0x00ED837A+951162]
Ordinal0 [0x00ED5C51+941137]
Ordinal0 [0x00F08C80+1150080]
Ordinal0 [0x00F088DA+1149146]
Ordinal0 [0x00F03F66+1130342]
Ordinal0 [0x00EDE546+976198]
Ordinal0 [0x00EDF456+980054]
GetHandleVerifier [0x011E9632+1727522]
GetHandleVerifier [0x0129BA4D+2457661]
GetHandleVerifier [0x010CEB81+569713]
GetHandleVerifier [0x010CDD76+566118]
Ordinal0 [0x00FD0B2B+1968939]
Ordinal0 [0x00FD5988+1989000]
Ordinal0 [0x00FD5A75+1989237]
Ordinal0 [0x00FDECB1+2026673]
BaseThreadInitThunk [0x76CCFA29+25]
RtlGetAppContainerNamedObjectPath [0x77BA7A9E+286]
RtlGetAppContainerNamedObjectPath [0x77BA7A6E+238]

at java.base/jdk.internal.reflect.NativeConstructorAccessorImpl.newInstance0(Native Method)
at java.base/jdk.internal.reflect.NativeConstructorAccessorImpl.newInstance(NativeConstructorAccessorImpl.java:77)
at java.base/jdk.internal.reflect.DelegatingConstructorAccessorImpl.newInstance(DelegatingConstructorAccessorImpl.java:45)
at java.base/java.lang.reflect.Constructor.newInstanceWithCaller(Constructor.java:499)
at java.base/java.lang.reflect.Constructor.newInstance(Constructor.java:480)
at org.openqa.selenium.remote.W3CHandshakeResponse.lambda$new$0(W3CHandshakeResponse.java:57)
at org.openqa.selenium.remote.W3CHandshakeResponse.lambda$getResponseFunction$2(W3CHandshakeResponse.java:104)
at org.openqa.selenium.remote.ProtocolHandshake.lambda$createSession$0(ProtocolHandshake.java:122)
at java.base/java.util.stream.ReferencePipeline$3$1.accept(ReferencePipeline.java:197)
at java.base/java.util.Spliterators$ArraySpliterator.tryAdvance(Spliterators.java:1002)
at java.base/java.util.stream.ReferencePipeline.forEachWithCancel(ReferencePipeline.java:129)
at java.base/java.util.stream.AbstractPipeline.copyIntoWithCancel(AbstractPipeline.java:527)
at java.base/java.util.stream.AbstractPipeline.copyInto(AbstractPipeline.java:513)
at java.base/java.util.stream.AbstractPipeline.wrapAndCopyInto(AbstractPipeline.java:499)
at java.base/java.util.stream.FindOps$FindOp.evaluateSequential(FindOps.java:150)
at java.base/java.util.stream.AbstractPipeline.evaluate(AbstractPipeline.java:234)
at java.base/java.util.stream.ReferencePipeline.findFirst(ReferencePipeline.java:647)
at org.openqa.selenium.remote.ProtocolHandshake.createSession(ProtocolHandshake.java:125)
at org.openqa.selenium.remote.ProtocolHandshake.createSession(ProtocolHandshake.java:73)
at org.openqa.selenium.remote.HttpCommandExecutor.execute(HttpCommandExecutor.java:136)
at org.openqa.selenium.remote.service.DriverCommandExecutor.execute(DriverCommandExecutor.java:83)
at org.openqa.selenium.remote.RemoteWebDriver.execute(RemoteWebDriver.java:548)
at org.openqa.selenium.remote.RemoteWebDriver.startSession(RemoteWebDriver.java:212)
at org.openqa.selenium.remote.RemoteWebDriver.<init>(RemoteWebDriver.java:130)
at org.openqa.selenium.chrome.ChromeDriver.<init>(ChromeDriver.java:181)
at org.openqa.selenium.chrome.ChromeDriver.<init>(ChromeDriver.java:168)
at org.openqa.selenium.chrome.ChromeDriver.<init>(ChromeDriver.java:123)
at HomePage.Homepage.launch_Browser(Homepage.java:25)
at java.base/jdk.internal.reflect.NativeMethodAccessorImpl.invoke0(Native Method)
at java.base/jdk.internal.reflect.NativeMethodAccessorImpl.invoke(NativeMethodAccessorImpl.java:77)
at java.base/jdk.internal.reflect.DelegatingMethodAccessorImpl.invoke(DelegatingMethodAccessorImpl.java:43)
at java.base/java.lang.reflect.Method.invoke(Method.java:568)
at org.testng.internal.MethodInvocationHelper.invokeMethod(MethodInvocationHelper.java:133)
at org.testng.internal.MethodInvocationHelper.invokeMethodConsideringTimeout(MethodInvocationHelper.java:62)
at org.testng.internal.ConfigInvoker.invokeConfigurationMethod(ConfigInvoker.java:385)
at org.testng.internal.ConfigInvoker.invokeConfigurations(ConfigInvoker.java:321)
at org.testng.SuiteRunner.privateRun(SuiteRunner.java:317)
at org.testng.SuiteRunner.run(SuiteRunner.java:276)
at org.testng.SuiteRunnerWorker.runSuite(SuiteRunnerWorker.java:53)
at org.testng.SuiteRunnerWorker.run(SuiteRunnerWorker.java:96)
at org.testng.TestNG.runSuitesSequentially(TestNG.java:1212)
at org.testng.TestNG.runSuitesLocally(TestNG.java:1134)
at org.testng.TestNG.runSuites(TestNG.java:1063)
at org.testng.TestNG.run(TestNG.java:1031)
at org.testng.remote.AbstractRemoteTestNG.run(AbstractRemoteTestNG.java:115)
at org.testng.remote.RemoteTestNG.initAndRun(RemoteTestNG.java:251)
at org.testng.remote.RemoteTestNG.main(RemoteTestNG.java:77)
]]>
            </full-stacktrace>
          </exception> <!-- org.openqa.selenium.SessionNotCreatedException -->
          <reporter-output>
          </reporter-output>
        </test-method> <!-- launch_Browser -->
        <test-method signature="FIPGTS_00001_FIPGTS_00001()[pri:1, instance:HomePage.Homepage@54e1c68b]" started-at="2022-07-19T16:13:32 IST" name="FIPGTS_00001_FIPGTS_00001" finished-at="2022-07-19T16:13:32 IST" duration-ms="0" status="SKIP">
          <exception class="org.openqa.selenium.SessionNotCreatedException">
            <message>
              <![CDATA[session not created: This version of ChromeDriver only supports Chrome version 100
Current browser version is 103.0.5060.114 with binary path C:\Program Files\Google\Chrome\Application\chrome.exe
Build info: version: '3.14.0', revision: 'aacccce0', time: '2018-08-02T20:19:58.91Z'
System info: host: 'DESKTOP-M3LFRSK', ip: '192.168.1.131', os.name: 'Windows 10', os.arch: 'amd64', os.version: '10.0', java.version: '17.0.2'
Driver info: driver.version: ChromeDriver
remote stacktrace: Backtrace:
Ordinal0 [0x01037413+2389011]
Ordinal0 [0x00FC9F61+1941345]
Ordinal0 [0x00EBC658+837208]
Ordinal0 [0x00EDC773+968563]
Ordinal0 [0x00ED837A+951162]
Ordinal0 [0x00ED5C51+941137]
Ordinal0 [0x00F08C80+1150080]
Ordinal0 [0x00F088DA+1149146]
Ordinal0 [0x00F03F66+1130342]
Ordinal0 [0x00EDE546+976198]
Ordinal0 [0x00EDF456+980054]
GetHandleVerifier [0x011E9632+1727522]
GetHandleVerifier [0x0129BA4D+2457661]
GetHandleVerifier [0x010CEB81+569713]
GetHandleVerifier [0x010CDD76+566118]
Ordinal0 [0x00FD0B2B+1968939]
Ordinal0 [0x00FD5988+1989000]
Ordinal0 [0x00FD5A75+1989237]
Ordinal0 [0x00FDECB1+2026673]
BaseThreadInitThunk [0x76CCFA29+25]
RtlGetAppContainerNamedObjectPath [0x77BA7A9E+286]
RtlGetAppContainerNamedObjectPath [0x77BA7A6E+238]
]]>
            </message>
            <full-stacktrace>
              <![CDATA[org.openqa.selenium.SessionNotCreatedException: session not created: This version of ChromeDriver only supports Chrome version 100
Current browser version is 103.0.5060.114 with binary path C:\Program Files\Google\Chrome\Application\chrome.exe
Build info: version: '3.14.0', revision: 'aacccce0', time: '2018-08-02T20:19:58.91Z'
System info: host: 'DESKTOP-M3LFRSK', ip: '192.168.1.131', os.name: 'Windows 10', os.arch: 'amd64', os.version: '10.0', java.version: '17.0.2'
Driver info: driver.version: ChromeDriver
remote stacktrace: Backtrace:
Ordinal0 [0x01037413+2389011]
Ordinal0 [0x00FC9F61+1941345]
Ordinal0 [0x00EBC658+837208]
Ordinal0 [0x00EDC773+968563]
Ordinal0 [0x00ED837A+951162]
Ordinal0 [0x00ED5C51+941137]
Ordinal0 [0x00F08C80+1150080]
Ordinal0 [0x00F088DA+1149146]
Ordinal0 [0x00F03F66+1130342]
Ordinal0 [0x00EDE546+976198]
Ordinal0 [0x00EDF456+980054]
GetHandleVerifier [0x011E9632+1727522]
GetHandleVerifier [0x0129BA4D+2457661]
GetHandleVerifier [0x010CEB81+569713]
GetHandleVerifier [0x010CDD76+566118]
Ordinal0 [0x00FD0B2B+1968939]
Ordinal0 [0x00FD5988+1989000]
Ordinal0 [0x00FD5A75+1989237]
Ordinal0 [0x00FDECB1+2026673]
BaseThreadInitThunk [0x76CCFA29+25]
RtlGetAppContainerNamedObjectPath [0x77BA7A9E+286]
RtlGetAppContainerNamedObjectPath [0x77BA7A6E+238]

at java.base/jdk.internal.reflect.NativeConstructorAccessorImpl.newInstance0(Native Method)
at java.base/jdk.internal.reflect.NativeConstructorAccessorImpl.newInstance(NativeConstructorAccessorImpl.java:77)
at java.base/jdk.internal.reflect.DelegatingConstructorAccessorImpl.newInstance(DelegatingConstructorAccessorImpl.java:45)
at java.base/java.lang.reflect.Constructor.newInstanceWithCaller(Constructor.java:499)
at java.base/java.lang.reflect.Constructor.newInstance(Constructor.java:480)
at org.openqa.selenium.remote.W3CHandshakeResponse.lambda$new$0(W3CHandshakeResponse.java:57)
at org.openqa.selenium.remote.W3CHandshakeResponse.lambda$getResponseFunction$2(W3CHandshakeResponse.java:104)
at org.openqa.selenium.remote.ProtocolHandshake.lambda$createSession$0(ProtocolHandshake.java:122)
at java.base/java.util.stream.ReferencePipeline$3$1.accept(ReferencePipeline.java:197)
at java.base/java.util.Spliterators$ArraySpliterator.tryAdvance(Spliterators.java:1002)
at java.base/java.util.stream.ReferencePipeline.forEachWithCancel(ReferencePipeline.java:129)
at java.base/java.util.stream.AbstractPipeline.copyIntoWithCancel(AbstractPipeline.java:527)
at java.base/java.util.stream.AbstractPipeline.copyInto(AbstractPipeline.java:513)
at java.base/java.util.stream.AbstractPipeline.wrapAndCopyInto(AbstractPipeline.java:499)
at java.base/java.util.stream.FindOps$FindOp.evaluateSequential(FindOps.java:150)
at java.base/java.util.stream.AbstractPipeline.evaluate(AbstractPipeline.java:234)
at java.base/java.util.stream.ReferencePipeline.findFirst(ReferencePipeline.java:647)
at org.openqa.selenium.remote.ProtocolHandshake.createSession(ProtocolHandshake.java:125)
at org.openqa.selenium.remote.ProtocolHandshake.createSession(ProtocolHandshake.java:73)
at org.openqa.selenium.remote.HttpCommandExecutor.execute(HttpCommandExecutor.java:136)
at org.openqa.selenium.remote.service.DriverCommandExecutor.execute(DriverCommandExecutor.java:83)
at org.openqa.selenium.remote.RemoteWebDriver.execute(RemoteWebDriver.java:548)
at org.openqa.selenium.remote.RemoteWebDriver.startSession(RemoteWebDriver.java:212)
at org.openqa.selenium.remote.RemoteWebDriver.<init>(RemoteWebDriver.java:130)
at org.openqa.selenium.chrome.ChromeDriver.<init>(ChromeDriver.java:181)
at org.openqa.selenium.chrome.ChromeDriver.<init>(ChromeDriver.java:168)
at org.openqa.selenium.chrome.ChromeDriver.<init>(ChromeDriver.java:123)
at HomePage.Homepage.launch_Browser(Homepage.java:25)
at java.base/jdk.internal.reflect.NativeMethodAccessorImpl.invoke0(Native Method)
at java.base/jdk.internal.reflect.NativeMethodAccessorImpl.invoke(NativeMethodAccessorImpl.java:77)
at java.base/jdk.internal.reflect.DelegatingMethodAccessorImpl.invoke(DelegatingMethodAccessorImpl.java:43)
at java.base/java.lang.reflect.Method.invoke(Method.java:568)
at org.testng.internal.MethodInvocationHelper.invokeMethod(MethodInvocationHelper.java:133)
at org.testng.internal.MethodInvocationHelper.invokeMethodConsideringTimeout(MethodInvocationHelper.java:62)
at org.testng.internal.ConfigInvoker.invokeConfigurationMethod(ConfigInvoker.java:385)
at org.testng.internal.ConfigInvoker.invokeConfigurations(ConfigInvoker.java:321)
at org.testng.SuiteRunner.privateRun(SuiteRunner.java:317)
at org.testng.SuiteRunner.run(SuiteRunner.java:276)
at org.testng.SuiteRunnerWorker.runSuite(SuiteRunnerWorker.java:53)
at org.testng.SuiteRunnerWorker.run(SuiteRunnerWorker.java:96)
at org.testng.TestNG.runSuitesSequentially(TestNG.java:1212)
at org.testng.TestNG.runSuitesLocally(TestNG.java:1134)
at org.testng.TestNG.runSuites(TestNG.java:1063)
at org.testng.TestNG.run(TestNG.java:1031)
at org.testng.remote.AbstractRemoteTestNG.run(AbstractRemoteTestNG.java:115)
at org.testng.remote.RemoteTestNG.initAndRun(RemoteTestNG.java:251)
at org.testng.remote.RemoteTestNG.main(RemoteTestNG.java:77)
]]>
            </full-stacktrace>
          </exception> <!-- org.openqa.selenium.SessionNotCreatedException -->
          <reporter-output>
          </reporter-output>
        </test-method> <!-- FIPGTS_00001_FIPGTS_00001 -->
        <test-method signature="FIPGTS_00002()[pri:2, instance:HomePage.Homepage@54e1c68b]" started-at="2022-07-19T16:13:32 IST" name="FIPGTS_00002" finished-at="2022-07-19T16:13:32 IST" duration-ms="0" status="SKIP">
          <exception class="org.openqa.selenium.SessionNotCreatedException">
            <message>
              <![CDATA[session not created: This version of ChromeDriver only supports Chrome version 100
Current browser version is 103.0.5060.114 with binary path C:\Program Files\Google\Chrome\Application\chrome.exe
Build info: version: '3.14.0', revision: 'aacccce0', time: '2018-08-02T20:19:58.91Z'
System info: host: 'DESKTOP-M3LFRSK', ip: '192.168.1.131', os.name: 'Windows 10', os.arch: 'amd64', os.version: '10.0', java.version: '17.0.2'
Driver info: driver.version: ChromeDriver
remote stacktrace: Backtrace:
Ordinal0 [0x01037413+2389011]
Ordinal0 [0x00FC9F61+1941345]
Ordinal0 [0x00EBC658+837208]
Ordinal0 [0x00EDC773+968563]
Ordinal0 [0x00ED837A+951162]
Ordinal0 [0x00ED5C51+941137]
Ordinal0 [0x00F08C80+1150080]
Ordinal0 [0x00F088DA+1149146]
Ordinal0 [0x00F03F66+1130342]
Ordinal0 [0x00EDE546+976198]
Ordinal0 [0x00EDF456+980054]
GetHandleVerifier [0x011E9632+1727522]
GetHandleVerifier [0x0129BA4D+2457661]
GetHandleVerifier [0x010CEB81+569713]
GetHandleVerifier [0x010CDD76+566118]
Ordinal0 [0x00FD0B2B+1968939]
Ordinal0 [0x00FD5988+1989000]
Ordinal0 [0x00FD5A75+1989237]
Ordinal0 [0x00FDECB1+2026673]
BaseThreadInitThunk [0x76CCFA29+25]
RtlGetAppContainerNamedObjectPath [0x77BA7A9E+286]
RtlGetAppContainerNamedObjectPath [0x77BA7A6E+238]
]]>
            </message>
            <full-stacktrace>
              <![CDATA[org.openqa.selenium.SessionNotCreatedException: session not created: This version of ChromeDriver only supports Chrome version 100
Current browser version is 103.0.5060.114 with binary path C:\Program Files\Google\Chrome\Application\chrome.exe
Build info: version: '3.14.0', revision: 'aacccce0', time: '2018-08-02T20:19:58.91Z'
System info: host: 'DESKTOP-M3LFRSK', ip: '192.168.1.131', os.name: 'Windows 10', os.arch: 'amd64', os.version: '10.0', java.version: '17.0.2'
Driver info: driver.version: ChromeDriver
remote stacktrace: Backtrace:
Ordinal0 [0x01037413+2389011]
Ordinal0 [0x00FC9F61+1941345]
Ordinal0 [0x00EBC658+837208]
Ordinal0 [0x00EDC773+968563]
Ordinal0 [0x00ED837A+951162]
Ordinal0 [0x00ED5C51+941137]
Ordinal0 [0x00F08C80+1150080]
Ordinal0 [0x00F088DA+1149146]
Ordinal0 [0x00F03F66+1130342]
Ordinal0 [0x00EDE546+976198]
Ordinal0 [0x00EDF456+980054]
GetHandleVerifier [0x011E9632+1727522]
GetHandleVerifier [0x0129BA4D+2457661]
GetHandleVerifier [0x010CEB81+569713]
GetHandleVerifier [0x010CDD76+566118]
Ordinal0 [0x00FD0B2B+1968939]
Ordinal0 [0x00FD5988+1989000]
Ordinal0 [0x00FD5A75+1989237]
Ordinal0 [0x00FDECB1+2026673]
BaseThreadInitThunk [0x76CCFA29+25]
RtlGetAppContainerNamedObjectPath [0x77BA7A9E+286]
RtlGetAppContainerNamedObjectPath [0x77BA7A6E+238]

at java.base/jdk.internal.reflect.NativeConstructorAccessorImpl.newInstance0(Native Method)
at java.base/jdk.internal.reflect.NativeConstructorAccessorImpl.newInstance(NativeConstructorAccessorImpl.java:77)
at java.base/jdk.internal.reflect.DelegatingConstructorAccessorImpl.newInstance(DelegatingConstructorAccessorImpl.java:45)
at java.base/java.lang.reflect.Constructor.newInstanceWithCaller(Constructor.java:499)
at java.base/java.lang.reflect.Constructor.newInstance(Constructor.java:480)
at org.openqa.selenium.remote.W3CHandshakeResponse.lambda$new$0(W3CHandshakeResponse.java:57)
at org.openqa.selenium.remote.W3CHandshakeResponse.lambda$getResponseFunction$2(W3CHandshakeResponse.java:104)
at org.openqa.selenium.remote.ProtocolHandshake.lambda$createSession$0(ProtocolHandshake.java:122)
at java.base/java.util.stream.ReferencePipeline$3$1.accept(ReferencePipeline.java:197)
at java.base/java.util.Spliterators$ArraySpliterator.tryAdvance(Spliterators.java:1002)
at java.base/java.util.stream.ReferencePipeline.forEachWithCancel(ReferencePipeline.java:129)
at java.base/java.util.stream.AbstractPipeline.copyIntoWithCancel(AbstractPipeline.java:527)
at java.base/java.util.stream.AbstractPipeline.copyInto(AbstractPipeline.java:513)
at java.base/java.util.stream.AbstractPipeline.wrapAndCopyInto(AbstractPipeline.java:499)
at java.base/java.util.stream.FindOps$FindOp.evaluateSequential(FindOps.java:150)
at java.base/java.util.stream.AbstractPipeline.evaluate(AbstractPipeline.java:234)
at java.base/java.util.stream.ReferencePipeline.findFirst(ReferencePipeline.java:647)
at org.openqa.selenium.remote.ProtocolHandshake.createSession(ProtocolHandshake.java:125)
at org.openqa.selenium.remote.ProtocolHandshake.createSession(ProtocolHandshake.java:73)
at org.openqa.selenium.remote.HttpCommandExecutor.execute(HttpCommandExecutor.java:136)
at org.openqa.selenium.remote.service.DriverCommandExecutor.execute(DriverCommandExecutor.java:83)
at org.openqa.selenium.remote.RemoteWebDriver.execute(RemoteWebDriver.java:548)
at org.openqa.selenium.remote.RemoteWebDriver.startSession(RemoteWebDriver.java:212)
at org.openqa.selenium.remote.RemoteWebDriver.<init>(RemoteWebDriver.java:130)
at org.openqa.selenium.chrome.ChromeDriver.<init>(ChromeDriver.java:181)
at org.openqa.selenium.chrome.ChromeDriver.<init>(ChromeDriver.java:168)
at org.openqa.selenium.chrome.ChromeDriver.<init>(ChromeDriver.java:123)
at HomePage.Homepage.launch_Browser(Homepage.java:25)
at java.base/jdk.internal.reflect.NativeMethodAccessorImpl.invoke0(Native Method)
at java.base/jdk.internal.reflect.NativeMethodAccessorImpl.invoke(NativeMethodAccessorImpl.java:77)
at java.base/jdk.internal.reflect.DelegatingMethodAccessorImpl.invoke(DelegatingMethodAccessorImpl.java:43)
at java.base/java.lang.reflect.Method.invoke(Method.java:568)
at org.testng.internal.MethodInvocationHelper.invokeMethod(MethodInvocationHelper.java:133)
at org.testng.internal.MethodInvocationHelper.invokeMethodConsideringTimeout(MethodInvocationHelper.java:62)
at org.testng.internal.ConfigInvoker.invokeConfigurationMethod(ConfigInvoker.java:385)
at org.testng.internal.ConfigInvoker.invokeConfigurations(ConfigInvoker.java:321)
at org.testng.SuiteRunner.privateRun(SuiteRunner.java:317)
at org.testng.SuiteRunner.run(SuiteRunner.java:276)
at org.testng.SuiteRunnerWorker.runSuite(SuiteRunnerWorker.java:53)
at org.testng.SuiteRunnerWorker.run(SuiteRunnerWorker.java:96)
at org.testng.TestNG.runSuitesSequentially(TestNG.java:1212)
at org.testng.TestNG.runSuitesLocally(TestNG.java:1134)
at org.testng.TestNG.runSuites(TestNG.java:1063)
at org.testng.TestNG.run(TestNG.java:1031)
at org.testng.remote.AbstractRemoteTestNG.run(AbstractRemoteTestNG.java:115)
at org.testng.remote.RemoteTestNG.initAndRun(RemoteTestNG.java:251)
at org.testng.remote.RemoteTestNG.main(RemoteTestNG.java:77)
]]>
            </full-stacktrace>
          </exception> <!-- org.openqa.selenium.SessionNotCreatedException -->
          <reporter-output>
          </reporter-output>
        </test-method> <!-- FIPGTS_00002 -->
        <test-method signature="FIPGTS_00001_FIPGTS_00003()[pri:3, instance:HomePage.Homepage@54e1c68b]" started-at="2022-07-19T16:13:32 IST" name="FIPGTS_00001_FIPGTS_00003" finished-at="2022-07-19T16:13:32 IST" duration-ms="0" status="SKIP">
          <exception class="org.openqa.selenium.SessionNotCreatedException">
            <message>
              <![CDATA[session not created: This version of ChromeDriver only supports Chrome version 100
Current browser version is 103.0.5060.114 with binary path C:\Program Files\Google\Chrome\Application\chrome.exe
Build info: version: '3.14.0', revision: 'aacccce0', time: '2018-08-02T20:19:58.91Z'
System info: host: 'DESKTOP-M3LFRSK', ip: '192.168.1.131', os.name: 'Windows 10', os.arch: 'amd64', os.version: '10.0', java.version: '17.0.2'
Driver info: driver.version: ChromeDriver
remote stacktrace: Backtrace:
Ordinal0 [0x01037413+2389011]
Ordinal0 [0x00FC9F61+1941345]
Ordinal0 [0x00EBC658+837208]
Ordinal0 [0x00EDC773+968563]
Ordinal0 [0x00ED837A+951162]
Ordinal0 [0x00ED5C51+941137]
Ordinal0 [0x00F08C80+1150080]
Ordinal0 [0x00F088DA+1149146]
Ordinal0 [0x00F03F66+1130342]
Ordinal0 [0x00EDE546+976198]
Ordinal0 [0x00EDF456+980054]
GetHandleVerifier [0x011E9632+1727522]
GetHandleVerifier [0x0129BA4D+2457661]
GetHandleVerifier [0x010CEB81+569713]
GetHandleVerifier [0x010CDD76+566118]
Ordinal0 [0x00FD0B2B+1968939]
Ordinal0 [0x00FD5988+1989000]
Ordinal0 [0x00FD5A75+1989237]
Ordinal0 [0x00FDECB1+2026673]
BaseThreadInitThunk [0x76CCFA29+25]
RtlGetAppContainerNamedObjectPath [0x77BA7A9E+286]
RtlGetAppContainerNamedObjectPath [0x77BA7A6E+238]
]]>
            </message>
            <full-stacktrace>
              <![CDATA[org.openqa.selenium.SessionNotCreatedException: session not created: This version of ChromeDriver only supports Chrome version 100
Current browser version is 103.0.5060.114 with binary path C:\Program Files\Google\Chrome\Application\chrome.exe
Build info: version: '3.14.0', revision: 'aacccce0', time: '2018-08-02T20:19:58.91Z'
System info: host: 'DESKTOP-M3LFRSK', ip: '192.168.1.131', os.name: 'Windows 10', os.arch: 'amd64', os.version: '10.0', java.version: '17.0.2'
Driver info: driver.version: ChromeDriver
remote stacktrace: Backtrace:
Ordinal0 [0x01037413+2389011]
Ordinal0 [0x00FC9F61+1941345]
Ordinal0 [0x00EBC658+837208]
Ordinal0 [0x00EDC773+968563]
Ordinal0 [0x00ED837A+951162]
Ordinal0 [0x00ED5C51+941137]
Ordinal0 [0x00F08C80+1150080]
Ordinal0 [0x00F088DA+1149146]
Ordinal0 [0x00F03F66+1130342]
Ordinal0 [0x00EDE546+976198]
Ordinal0 [0x00EDF456+980054]
GetHandleVerifier [0x011E9632+1727522]
GetHandleVerifier [0x0129BA4D+2457661]
GetHandleVerifier [0x010CEB81+569713]
GetHandleVerifier [0x010CDD76+566118]
Ordinal0 [0x00FD0B2B+1968939]
Ordinal0 [0x00FD5988+1989000]
Ordinal0 [0x00FD5A75+1989237]
Ordinal0 [0x00FDECB1+2026673]
BaseThreadInitThunk [0x76CCFA29+25]
RtlGetAppContainerNamedObjectPath [0x77BA7A9E+286]
RtlGetAppContainerNamedObjectPath [0x77BA7A6E+238]

at java.base/jdk.internal.reflect.NativeConstructorAccessorImpl.newInstance0(Native Method)
at java.base/jdk.internal.reflect.NativeConstructorAccessorImpl.newInstance(NativeConstructorAccessorImpl.java:77)
at java.base/jdk.internal.reflect.DelegatingConstructorAccessorImpl.newInstance(DelegatingConstructorAccessorImpl.java:45)
at java.base/java.lang.reflect.Constructor.newInstanceWithCaller(Constructor.java:499)
at java.base/java.lang.reflect.Constructor.newInstance(Constructor.java:480)
at org.openqa.selenium.remote.W3CHandshakeResponse.lambda$new$0(W3CHandshakeResponse.java:57)
at org.openqa.selenium.remote.W3CHandshakeResponse.lambda$getResponseFunction$2(W3CHandshakeResponse.java:104)
at org.openqa.selenium.remote.ProtocolHandshake.lambda$createSession$0(ProtocolHandshake.java:122)
at java.base/java.util.stream.ReferencePipeline$3$1.accept(ReferencePipeline.java:197)
at java.base/java.util.Spliterators$ArraySpliterator.tryAdvance(Spliterators.java:1002)
at java.base/java.util.stream.ReferencePipeline.forEachWithCancel(ReferencePipeline.java:129)
at java.base/java.util.stream.AbstractPipeline.copyIntoWithCancel(AbstractPipeline.java:527)
at java.base/java.util.stream.AbstractPipeline.copyInto(AbstractPipeline.java:513)
at java.base/java.util.stream.AbstractPipeline.wrapAndCopyInto(AbstractPipeline.java:499)
at java.base/java.util.stream.FindOps$FindOp.evaluateSequential(FindOps.java:150)
at java.base/java.util.stream.AbstractPipeline.evaluate(AbstractPipeline.java:234)
at java.base/java.util.stream.ReferencePipeline.findFirst(ReferencePipeline.java:647)
at org.openqa.selenium.remote.ProtocolHandshake.createSession(ProtocolHandshake.java:125)
at org.openqa.selenium.remote.ProtocolHandshake.createSession(ProtocolHandshake.java:73)
at org.openqa.selenium.remote.HttpCommandExecutor.execute(HttpCommandExecutor.java:136)
at org.openqa.selenium.remote.service.DriverCommandExecutor.execute(DriverCommandExecutor.java:83)
at org.openqa.selenium.remote.RemoteWebDriver.execute(RemoteWebDriver.java:548)
at org.openqa.selenium.remote.RemoteWebDriver.startSession(RemoteWebDriver.java:212)
at org.openqa.selenium.remote.RemoteWebDriver.<init>(RemoteWebDriver.java:130)
at org.openqa.selenium.chrome.ChromeDriver.<init>(ChromeDriver.java:181)
at org.openqa.selenium.chrome.ChromeDriver.<init>(ChromeDriver.java:168)
at org.openqa.selenium.chrome.ChromeDriver.<init>(ChromeDriver.java:123)
at HomePage.Homepage.launch_Browser(Homepage.java:25)
at java.base/jdk.internal.reflect.NativeMethodAccessorImpl.invoke0(Native Method)
at java.base/jdk.internal.reflect.NativeMethodAccessorImpl.invoke(NativeMethodAccessorImpl.java:77)
at java.base/jdk.internal.reflect.DelegatingMethodAccessorImpl.invoke(DelegatingMethodAccessorImpl.java:43)
at java.base/java.lang.reflect.Method.invoke(Method.java:568)
at org.testng.internal.MethodInvocationHelper.invokeMethod(MethodInvocationHelper.java:133)
at org.testng.internal.MethodInvocationHelper.invokeMethodConsideringTimeout(MethodInvocationHelper.java:62)
at org.testng.internal.ConfigInvoker.invokeConfigurationMethod(ConfigInvoker.java:385)
at org.testng.internal.ConfigInvoker.invokeConfigurations(ConfigInvoker.java:321)
at org.testng.SuiteRunner.privateRun(SuiteRunner.java:317)
at org.testng.SuiteRunner.run(SuiteRunner.java:276)
at org.testng.SuiteRunnerWorker.runSuite(SuiteRunnerWorker.java:53)
at org.testng.SuiteRunnerWorker.run(SuiteRunnerWorker.java:96)
at org.testng.TestNG.runSuitesSequentially(TestNG.java:1212)
at org.testng.TestNG.runSuitesLocally(TestNG.java:1134)
at org.testng.TestNG.runSuites(TestNG.java:1063)
at org.testng.TestNG.run(TestNG.java:1031)
at org.testng.remote.AbstractRemoteTestNG.run(AbstractRemoteTestNG.java:115)
at org.testng.remote.RemoteTestNG.initAndRun(RemoteTestNG.java:251)
at org.testng.remote.RemoteTestNG.main(RemoteTestNG.java:77)
]]>
            </full-stacktrace>
          </exception> <!-- org.openqa.selenium.SessionNotCreatedException -->
          <reporter-output>
          </reporter-output>
        </test-method> <!-- FIPGTS_00001_FIPGTS_00003 -->
        <test-method signature="FIPGTS_00001_FIPGTS_00004()[pri:4, instance:HomePage.Homepage@54e1c68b]" started-at="2022-07-19T16:13:32 IST" name="FIPGTS_00001_FIPGTS_00004" finished-at="2022-07-19T16:13:32 IST" duration-ms="0" status="SKIP">
          <exception class="org.openqa.selenium.SessionNotCreatedException">
            <message>
              <![CDATA[session not created: This version of ChromeDriver only supports Chrome version 100
Current browser version is 103.0.5060.114 with binary path C:\Program Files\Google\Chrome\Application\chrome.exe
Build info: version: '3.14.0', revision: 'aacccce0', time: '2018-08-02T20:19:58.91Z'
System info: host: 'DESKTOP-M3LFRSK', ip: '192.168.1.131', os.name: 'Windows 10', os.arch: 'amd64', os.version: '10.0', java.version: '17.0.2'
Driver info: driver.version: ChromeDriver
remote stacktrace: Backtrace:
Ordinal0 [0x01037413+2389011]
Ordinal0 [0x00FC9F61+1941345]
Ordinal0 [0x00EBC658+837208]
Ordinal0 [0x00EDC773+968563]
Ordinal0 [0x00ED837A+951162]
Ordinal0 [0x00ED5C51+941137]
Ordinal0 [0x00F08C80+1150080]
Ordinal0 [0x00F088DA+1149146]
Ordinal0 [0x00F03F66+1130342]
Ordinal0 [0x00EDE546+976198]
Ordinal0 [0x00EDF456+980054]
GetHandleVerifier [0x011E9632+1727522]
GetHandleVerifier [0x0129BA4D+2457661]
GetHandleVerifier [0x010CEB81+569713]
GetHandleVerifier [0x010CDD76+566118]
Ordinal0 [0x00FD0B2B+1968939]
Ordinal0 [0x00FD5988+1989000]
Ordinal0 [0x00FD5A75+1989237]
Ordinal0 [0x00FDECB1+2026673]
BaseThreadInitThunk [0x76CCFA29+25]
RtlGetAppContainerNamedObjectPath [0x77BA7A9E+286]
RtlGetAppContainerNamedObjectPath [0x77BA7A6E+238]
]]>
            </message>
            <full-stacktrace>
              <![CDATA[org.openqa.selenium.SessionNotCreatedException: session not created: This version of ChromeDriver only supports Chrome version 100
Current browser version is 103.0.5060.114 with binary path C:\Program Files\Google\Chrome\Application\chrome.exe
Build info: version: '3.14.0', revision: 'aacccce0', time: '2018-08-02T20:19:58.91Z'
System info: host: 'DESKTOP-M3LFRSK', ip: '192.168.1.131', os.name: 'Windows 10', os.arch: 'amd64', os.version: '10.0', java.version: '17.0.2'
Driver info: driver.version: ChromeDriver
remote stacktrace: Backtrace:
Ordinal0 [0x01037413+2389011]
Ordinal0 [0x00FC9F61+1941345]
Ordinal0 [0x00EBC658+837208]
Ordinal0 [0x00EDC773+968563]
Ordinal0 [0x00ED837A+951162]
Ordinal0 [0x00ED5C51+941137]
Ordinal0 [0x00F08C80+1150080]
Ordinal0 [0x00F088DA+1149146]
Ordinal0 [0x00F03F66+1130342]
Ordinal0 [0x00EDE546+976198]
Ordinal0 [0x00EDF456+980054]
GetHandleVerifier [0x011E9632+1727522]
GetHandleVerifier [0x0129BA4D+2457661]
GetHandleVerifier [0x010CEB81+569713]
GetHandleVerifier [0x010CDD76+566118]
Ordinal0 [0x00FD0B2B+1968939]
Ordinal0 [0x00FD5988+1989000]
Ordinal0 [0x00FD5A75+1989237]
Ordinal0 [0x00FDECB1+2026673]
BaseThreadInitThunk [0x76CCFA29+25]
RtlGetAppContainerNamedObjectPath [0x77BA7A9E+286]
RtlGetAppContainerNamedObjectPath [0x77BA7A6E+238]

at java.base/jdk.internal.reflect.NativeConstructorAccessorImpl.newInstance0(Native Method)
at java.base/jdk.internal.reflect.NativeConstructorAccessorImpl.newInstance(NativeConstructorAccessorImpl.java:77)
at java.base/jdk.internal.reflect.DelegatingConstructorAccessorImpl.newInstance(DelegatingConstructorAccessorImpl.java:45)
at java.base/java.lang.reflect.Constructor.newInstanceWithCaller(Constructor.java:499)
at java.base/java.lang.reflect.Constructor.newInstance(Constructor.java:480)
at org.openqa.selenium.remote.W3CHandshakeResponse.lambda$new$0(W3CHandshakeResponse.java:57)
at org.openqa.selenium.remote.W3CHandshakeResponse.lambda$getResponseFunction$2(W3CHandshakeResponse.java:104)
at org.openqa.selenium.remote.ProtocolHandshake.lambda$createSession$0(ProtocolHandshake.java:122)
at java.base/java.util.stream.ReferencePipeline$3$1.accept(ReferencePipeline.java:197)
at java.base/java.util.Spliterators$ArraySpliterator.tryAdvance(Spliterators.java:1002)
at java.base/java.util.stream.ReferencePipeline.forEachWithCancel(ReferencePipeline.java:129)
at java.base/java.util.stream.AbstractPipeline.copyIntoWithCancel(AbstractPipeline.java:527)
at java.base/java.util.stream.AbstractPipeline.copyInto(AbstractPipeline.java:513)
at java.base/java.util.stream.AbstractPipeline.wrapAndCopyInto(AbstractPipeline.java:499)
at java.base/java.util.stream.FindOps$FindOp.evaluateSequential(FindOps.java:150)
at java.base/java.util.stream.AbstractPipeline.evaluate(AbstractPipeline.java:234)
at java.base/java.util.stream.ReferencePipeline.findFirst(ReferencePipeline.java:647)
at org.openqa.selenium.remote.ProtocolHandshake.createSession(ProtocolHandshake.java:125)
at org.openqa.selenium.remote.ProtocolHandshake.createSession(ProtocolHandshake.java:73)
at org.openqa.selenium.remote.HttpCommandExecutor.execute(HttpCommandExecutor.java:136)
at org.openqa.selenium.remote.service.DriverCommandExecutor.execute(DriverCommandExecutor.java:83)
at org.openqa.selenium.remote.RemoteWebDriver.execute(RemoteWebDriver.java:548)
at org.openqa.selenium.remote.RemoteWebDriver.startSession(RemoteWebDriver.java:212)
at org.openqa.selenium.remote.RemoteWebDriver.<init>(RemoteWebDriver.java:130)
at org.openqa.selenium.chrome.ChromeDriver.<init>(ChromeDriver.java:181)
at org.openqa.selenium.chrome.ChromeDriver.<init>(ChromeDriver.java:168)
at org.openqa.selenium.chrome.ChromeDriver.<init>(ChromeDriver.java:123)
at HomePage.Homepage.launch_Browser(Homepage.java:25)
at java.base/jdk.internal.reflect.NativeMethodAccessorImpl.invoke0(Native Method)
at java.base/jdk.internal.reflect.NativeMethodAccessorImpl.invoke(NativeMethodAccessorImpl.java:77)
at java.base/jdk.internal.reflect.DelegatingMethodAccessorImpl.invoke(DelegatingMethodAccessorImpl.java:43)
at java.base/java.lang.reflect.Method.invoke(Method.java:568)
at org.testng.internal.MethodInvocationHelper.invokeMethod(MethodInvocationHelper.java:133)
at org.testng.internal.MethodInvocationHelper.invokeMethodConsideringTimeout(MethodInvocationHelper.java:62)
at org.testng.internal.ConfigInvoker.invokeConfigurationMethod(ConfigInvoker.java:385)
at org.testng.internal.ConfigInvoker.invokeConfigurations(ConfigInvoker.java:321)
at org.testng.SuiteRunner.privateRun(SuiteRunner.java:317)
at org.testng.SuiteRunner.run(SuiteRunner.java:276)
at org.testng.SuiteRunnerWorker.runSuite(SuiteRunnerWorker.java:53)
at org.testng.SuiteRunnerWorker.run(SuiteRunnerWorker.java:96)
at org.testng.TestNG.runSuitesSequentially(TestNG.java:1212)
at org.testng.TestNG.runSuitesLocally(TestNG.java:1134)
at org.testng.TestNG.runSuites(TestNG.java:1063)
at org.testng.TestNG.run(TestNG.java:1031)
at org.testng.remote.AbstractRemoteTestNG.run(AbstractRemoteTestNG.java:115)
at org.testng.remote.RemoteTestNG.initAndRun(RemoteTestNG.java:251)
at org.testng.remote.RemoteTestNG.main(RemoteTestNG.java:77)
]]>
            </full-stacktrace>
          </exception> <!-- org.openqa.selenium.SessionNotCreatedException -->
          <reporter-output>
          </reporter-output>
        </test-method> <!-- FIPGTS_00001_FIPGTS_00004 -->
        <test-method signature="FIPGTS_00001_FIPGTS_00005()[pri:5, instance:HomePage.Homepage@54e1c68b]" started-at="2022-07-19T16:13:32 IST" name="FIPGTS_00001_FIPGTS_00005" finished-at="2022-07-19T16:13:32 IST" duration-ms="0" status="SKIP">
          <exception class="org.openqa.selenium.SessionNotCreatedException">
            <message>
              <![CDATA[session not created: This version of ChromeDriver only supports Chrome version 100
Current browser version is 103.0.5060.114 with binary path C:\Program Files\Google\Chrome\Application\chrome.exe
Build info: version: '3.14.0', revision: 'aacccce0', time: '2018-08-02T20:19:58.91Z'
System info: host: 'DESKTOP-M3LFRSK', ip: '192.168.1.131', os.name: 'Windows 10', os.arch: 'amd64', os.version: '10.0', java.version: '17.0.2'
Driver info: driver.version: ChromeDriver
remote stacktrace: Backtrace:
Ordinal0 [0x01037413+2389011]
Ordinal0 [0x00FC9F61+1941345]
Ordinal0 [0x00EBC658+837208]
Ordinal0 [0x00EDC773+968563]
Ordinal0 [0x00ED837A+951162]
Ordinal0 [0x00ED5C51+941137]
Ordinal0 [0x00F08C80+1150080]
Ordinal0 [0x00F088DA+1149146]
Ordinal0 [0x00F03F66+1130342]
Ordinal0 [0x00EDE546+976198]
Ordinal0 [0x00EDF456+980054]
GetHandleVerifier [0x011E9632+1727522]
GetHandleVerifier [0x0129BA4D+2457661]
GetHandleVerifier [0x010CEB81+569713]
GetHandleVerifier [0x010CDD76+566118]
Ordinal0 [0x00FD0B2B+1968939]
Ordinal0 [0x00FD5988+1989000]
Ordinal0 [0x00FD5A75+1989237]
Ordinal0 [0x00FDECB1+2026673]
BaseThreadInitThunk [0x76CCFA29+25]
RtlGetAppContainerNamedObjectPath [0x77BA7A9E+286]
RtlGetAppContainerNamedObjectPath [0x77BA7A6E+238]
]]>
            </message>
            <full-stacktrace>
              <![CDATA[org.openqa.selenium.SessionNotCreatedException: session not created: This version of ChromeDriver only supports Chrome version 100
Current browser version is 103.0.5060.114 with binary path C:\Program Files\Google\Chrome\Application\chrome.exe
Build info: version: '3.14.0', revision: 'aacccce0', time: '2018-08-02T20:19:58.91Z'
System info: host: 'DESKTOP-M3LFRSK', ip: '192.168.1.131', os.name: 'Windows 10', os.arch: 'amd64', os.version: '10.0', java.version: '17.0.2'
Driver info: driver.version: ChromeDriver
remote stacktrace: Backtrace:
Ordinal0 [0x01037413+2389011]
Ordinal0 [0x00FC9F61+1941345]
Ordinal0 [0x00EBC658+837208]
Ordinal0 [0x00EDC773+968563]
Ordinal0 [0x00ED837A+951162]
Ordinal0 [0x00ED5C51+941137]
Ordinal0 [0x00F08C80+1150080]
Ordinal0 [0x00F088DA+1149146]
Ordinal0 [0x00F03F66+1130342]
Ordinal0 [0x00EDE546+976198]
Ordinal0 [0x00EDF456+980054]
GetHandleVerifier [0x011E9632+1727522]
GetHandleVerifier [0x0129BA4D+2457661]
GetHandleVerifier [0x010CEB81+569713]
GetHandleVerifier [0x010CDD76+566118]
Ordinal0 [0x00FD0B2B+1968939]
Ordinal0 [0x00FD5988+1989000]
Ordinal0 [0x00FD5A75+1989237]
Ordinal0 [0x00FDECB1+2026673]
BaseThreadInitThunk [0x76CCFA29+25]
RtlGetAppContainerNamedObjectPath [0x77BA7A9E+286]
RtlGetAppContainerNamedObjectPath [0x77BA7A6E+238]

at java.base/jdk.internal.reflect.NativeConstructorAccessorImpl.newInstance0(Native Method)
at java.base/jdk.internal.reflect.NativeConstructorAccessorImpl.newInstance(NativeConstructorAccessorImpl.java:77)
at java.base/jdk.internal.reflect.DelegatingConstructorAccessorImpl.newInstance(DelegatingConstructorAccessorImpl.java:45)
at java.base/java.lang.reflect.Constructor.newInstanceWithCaller(Constructor.java:499)
at java.base/java.lang.reflect.Constructor.newInstance(Constructor.java:480)
at org.openqa.selenium.remote.W3CHandshakeResponse.lambda$new$0(W3CHandshakeResponse.java:57)
at org.openqa.selenium.remote.W3CHandshakeResponse.lambda$getResponseFunction$2(W3CHandshakeResponse.java:104)
at org.openqa.selenium.remote.ProtocolHandshake.lambda$createSession$0(ProtocolHandshake.java:122)
at java.base/java.util.stream.ReferencePipeline$3$1.accept(ReferencePipeline.java:197)
at java.base/java.util.Spliterators$ArraySpliterator.tryAdvance(Spliterators.java:1002)
at java.base/java.util.stream.ReferencePipeline.forEachWithCancel(ReferencePipeline.java:129)
at java.base/java.util.stream.AbstractPipeline.copyIntoWithCancel(AbstractPipeline.java:527)
at java.base/java.util.stream.AbstractPipeline.copyInto(AbstractPipeline.java:513)
at java.base/java.util.stream.AbstractPipeline.wrapAndCopyInto(AbstractPipeline.java:499)
at java.base/java.util.stream.FindOps$FindOp.evaluateSequential(FindOps.java:150)
at java.base/java.util.stream.AbstractPipeline.evaluate(AbstractPipeline.java:234)
at java.base/java.util.stream.ReferencePipeline.findFirst(ReferencePipeline.java:647)
at org.openqa.selenium.remote.ProtocolHandshake.createSession(ProtocolHandshake.java:125)
at org.openqa.selenium.remote.ProtocolHandshake.createSession(ProtocolHandshake.java:73)
at org.openqa.selenium.remote.HttpCommandExecutor.execute(HttpCommandExecutor.java:136)
at org.openqa.selenium.remote.service.DriverCommandExecutor.execute(DriverCommandExecutor.java:83)
at org.openqa.selenium.remote.RemoteWebDriver.execute(RemoteWebDriver.java:548)
at org.openqa.selenium.remote.RemoteWebDriver.startSession(RemoteWebDriver.java:212)
at org.openqa.selenium.remote.RemoteWebDriver.<init>(RemoteWebDriver.java:130)
at org.openqa.selenium.chrome.ChromeDriver.<init>(ChromeDriver.java:181)
at org.openqa.selenium.chrome.ChromeDriver.<init>(ChromeDriver.java:168)
at org.openqa.selenium.chrome.ChromeDriver.<init>(ChromeDriver.java:123)
at HomePage.Homepage.launch_Browser(Homepage.java:25)
at java.base/jdk.internal.reflect.NativeMethodAccessorImpl.invoke0(Native Method)
at java.base/jdk.internal.reflect.NativeMethodAccessorImpl.invoke(NativeMethodAccessorImpl.java:77)
at java.base/jdk.internal.reflect.DelegatingMethodAccessorImpl.invoke(DelegatingMethodAccessorImpl.java:43)
at java.base/java.lang.reflect.Method.invoke(Method.java:568)
at org.testng.internal.MethodInvocationHelper.invokeMethod(MethodInvocationHelper.java:133)
at org.testng.internal.MethodInvocationHelper.invokeMethodConsideringTimeout(MethodInvocationHelper.java:62)
at org.testng.internal.ConfigInvoker.invokeConfigurationMethod(ConfigInvoker.java:385)
at org.testng.internal.ConfigInvoker.invokeConfigurations(ConfigInvoker.java:321)
at org.testng.SuiteRunner.privateRun(SuiteRunner.java:317)
at org.testng.SuiteRunner.run(SuiteRunner.java:276)
at org.testng.SuiteRunnerWorker.runSuite(SuiteRunnerWorker.java:53)
at org.testng.SuiteRunnerWorker.run(SuiteRunnerWorker.java:96)
at org.testng.TestNG.runSuitesSequentially(TestNG.java:1212)
at org.testng.TestNG.runSuitesLocally(TestNG.java:1134)
at org.testng.TestNG.runSuites(TestNG.java:1063)
at org.testng.TestNG.run(TestNG.java:1031)
at org.testng.remote.AbstractRemoteTestNG.run(AbstractRemoteTestNG.java:115)
at org.testng.remote.RemoteTestNG.initAndRun(RemoteTestNG.java:251)
at org.testng.remote.RemoteTestNG.main(RemoteTestNG.java:77)
]]>
            </full-stacktrace>
          </exception> <!-- org.openqa.selenium.SessionNotCreatedException -->
          <reporter-output>
          </reporter-output>
        </test-method> <!-- FIPGTS_00001_FIPGTS_00005 -->
        <test-method signature="FIPGTS_00001_FIPGTS_00006()[pri:6, instance:HomePage.Homepage@54e1c68b]" started-at="2022-07-19T16:13:32 IST" name="FIPGTS_00001_FIPGTS_00006" finished-at="2022-07-19T16:13:32 IST" duration-ms="0" status="SKIP">
          <exception class="org.openqa.selenium.SessionNotCreatedException">
            <message>
              <![CDATA[session not created: This version of ChromeDriver only supports Chrome version 100
Current browser version is 103.0.5060.114 with binary path C:\Program Files\Google\Chrome\Application\chrome.exe
Build info: version: '3.14.0', revision: 'aacccce0', time: '2018-08-02T20:19:58.91Z'
System info: host: 'DESKTOP-M3LFRSK', ip: '192.168.1.131', os.name: 'Windows 10', os.arch: 'amd64', os.version: '10.0', java.version: '17.0.2'
Driver info: driver.version: ChromeDriver
remote stacktrace: Backtrace:
Ordinal0 [0x01037413+2389011]
Ordinal0 [0x00FC9F61+1941345]
Ordinal0 [0x00EBC658+837208]
Ordinal0 [0x00EDC773+968563]
Ordinal0 [0x00ED837A+951162]
Ordinal0 [0x00ED5C51+941137]
Ordinal0 [0x00F08C80+1150080]
Ordinal0 [0x00F088DA+1149146]
Ordinal0 [0x00F03F66+1130342]
Ordinal0 [0x00EDE546+976198]
Ordinal0 [0x00EDF456+980054]
GetHandleVerifier [0x011E9632+1727522]
GetHandleVerifier [0x0129BA4D+2457661]
GetHandleVerifier [0x010CEB81+569713]
GetHandleVerifier [0x010CDD76+566118]
Ordinal0 [0x00FD0B2B+1968939]
Ordinal0 [0x00FD5988+1989000]
Ordinal0 [0x00FD5A75+1989237]
Ordinal0 [0x00FDECB1+2026673]
BaseThreadInitThunk [0x76CCFA29+25]
RtlGetAppContainerNamedObjectPath [0x77BA7A9E+286]
RtlGetAppContainerNamedObjectPath [0x77BA7A6E+238]
]]>
            </message>
            <full-stacktrace>
              <![CDATA[org.openqa.selenium.SessionNotCreatedException: session not created: This version of ChromeDriver only supports Chrome version 100
Current browser version is 103.0.5060.114 with binary path C:\Program Files\Google\Chrome\Application\chrome.exe
Build info: version: '3.14.0', revision: 'aacccce0', time: '2018-08-02T20:19:58.91Z'
System info: host: 'DESKTOP-M3LFRSK', ip: '192.168.1.131', os.name: 'Windows 10', os.arch: 'amd64', os.version: '10.0', java.version: '17.0.2'
Driver info: driver.version: ChromeDriver
remote stacktrace: Backtrace:
Ordinal0 [0x01037413+2389011]
Ordinal0 [0x00FC9F61+1941345]
Ordinal0 [0x00EBC658+837208]
Ordinal0 [0x00EDC773+968563]
Ordinal0 [0x00ED837A+951162]
Ordinal0 [0x00ED5C51+941137]
Ordinal0 [0x00F08C80+1150080]
Ordinal0 [0x00F088DA+1149146]
Ordinal0 [0x00F03F66+1130342]
Ordinal0 [0x00EDE546+976198]
Ordinal0 [0x00EDF456+980054]
GetHandleVerifier [0x011E9632+1727522]
GetHandleVerifier [0x0129BA4D+2457661]
GetHandleVerifier [0x010CEB81+569713]
GetHandleVerifier [0x010CDD76+566118]
Ordinal0 [0x00FD0B2B+1968939]
Ordinal0 [0x00FD5988+1989000]
Ordinal0 [0x00FD5A75+1989237]
Ordinal0 [0x00FDECB1+2026673]
BaseThreadInitThunk [0x76CCFA29+25]
RtlGetAppContainerNamedObjectPath [0x77BA7A9E+286]
RtlGetAppContainerNamedObjectPath [0x77BA7A6E+238]

at java.base/jdk.internal.reflect.NativeConstructorAccessorImpl.newInstance0(Native Method)
at java.base/jdk.internal.reflect.NativeConstructorAccessorImpl.newInstance(NativeConstructorAccessorImpl.java:77)
at java.base/jdk.internal.reflect.DelegatingConstructorAccessorImpl.newInstance(DelegatingConstructorAccessorImpl.java:45)
at java.base/java.lang.reflect.Constructor.newInstanceWithCaller(Constructor.java:499)
at java.base/java.lang.reflect.Constructor.newInstance(Constructor.java:480)
at org.openqa.selenium.remote.W3CHandshakeResponse.lambda$new$0(W3CHandshakeResponse.java:57)
at org.openqa.selenium.remote.W3CHandshakeResponse.lambda$getResponseFunction$2(W3CHandshakeResponse.java:104)
at org.openqa.selenium.remote.ProtocolHandshake.lambda$createSession$0(ProtocolHandshake.java:122)
at java.base/java.util.stream.ReferencePipeline$3$1.accept(ReferencePipeline.java:197)
at java.base/java.util.Spliterators$ArraySpliterator.tryAdvance(Spliterators.java:1002)
at java.base/java.util.stream.ReferencePipeline.forEachWithCancel(ReferencePipeline.java:129)
at java.base/java.util.stream.AbstractPipeline.copyIntoWithCancel(AbstractPipeline.java:527)
at java.base/java.util.stream.AbstractPipeline.copyInto(AbstractPipeline.java:513)
at java.base/java.util.stream.AbstractPipeline.wrapAndCopyInto(AbstractPipeline.java:499)
at java.base/java.util.stream.FindOps$FindOp.evaluateSequential(FindOps.java:150)
at java.base/java.util.stream.AbstractPipeline.evaluate(AbstractPipeline.java:234)
at java.base/java.util.stream.ReferencePipeline.findFirst(ReferencePipeline.java:647)
at org.openqa.selenium.remote.ProtocolHandshake.createSession(ProtocolHandshake.java:125)
at org.openqa.selenium.remote.ProtocolHandshake.createSession(ProtocolHandshake.java:73)
at org.openqa.selenium.remote.HttpCommandExecutor.execute(HttpCommandExecutor.java:136)
at org.openqa.selenium.remote.service.DriverCommandExecutor.execute(DriverCommandExecutor.java:83)
at org.openqa.selenium.remote.RemoteWebDriver.execute(RemoteWebDriver.java:548)
at org.openqa.selenium.remote.RemoteWebDriver.startSession(RemoteWebDriver.java:212)
at org.openqa.selenium.remote.RemoteWebDriver.<init>(RemoteWebDriver.java:130)
at org.openqa.selenium.chrome.ChromeDriver.<init>(ChromeDriver.java:181)
at org.openqa.selenium.chrome.ChromeDriver.<init>(ChromeDriver.java:168)
at org.openqa.selenium.chrome.ChromeDriver.<init>(ChromeDriver.java:123)
at HomePage.Homepage.launch_Browser(Homepage.java:25)
at java.base/jdk.internal.reflect.NativeMethodAccessorImpl.invoke0(Native Method)
at java.base/jdk.internal.reflect.NativeMethodAccessorImpl.invoke(NativeMethodAccessorImpl.java:77)
at java.base/jdk.internal.reflect.DelegatingMethodAccessorImpl.invoke(DelegatingMethodAccessorImpl.java:43)
at java.base/java.lang.reflect.Method.invoke(Method.java:568)
at org.testng.internal.MethodInvocationHelper.invokeMethod(MethodInvocationHelper.java:133)
at org.testng.internal.MethodInvocationHelper.invokeMethodConsideringTimeout(MethodInvocationHelper.java:62)
at org.testng.internal.ConfigInvoker.invokeConfigurationMethod(ConfigInvoker.java:385)
at org.testng.internal.ConfigInvoker.invokeConfigurations(ConfigInvoker.java:321)
at org.testng.SuiteRunner.privateRun(SuiteRunner.java:317)
at org.testng.SuiteRunner.run(SuiteRunner.java:276)
at org.testng.SuiteRunnerWorker.runSuite(SuiteRunnerWorker.java:53)
at org.testng.SuiteRunnerWorker.run(SuiteRunnerWorker.java:96)
at org.testng.TestNG.runSuitesSequentially(TestNG.java:1212)
at org.testng.TestNG.runSuitesLocally(TestNG.java:1134)
at org.testng.TestNG.runSuites(TestNG.java:1063)
at org.testng.TestNG.run(TestNG.java:1031)
at org.testng.remote.AbstractRemoteTestNG.run(AbstractRemoteTestNG.java:115)
at org.testng.remote.RemoteTestNG.initAndRun(RemoteTestNG.java:251)
at org.testng.remote.RemoteTestNG.main(RemoteTestNG.java:77)
]]>
            </full-stacktrace>
          </exception> <!-- org.openqa.selenium.SessionNotCreatedException -->
          <reporter-output>
          </reporter-output>
        </test-method> <!-- FIPGTS_00001_FIPGTS_00006 -->
        <test-method signature="FIPGTS_00001_FIPGTS_00007()[pri:7, instance:HomePage.Homepage@54e1c68b]" started-at="2022-07-19T16:13:32 IST" name="FIPGTS_00001_FIPGTS_00007" finished-at="2022-07-19T16:13:32 IST" duration-ms="0" status="SKIP">
          <exception class="org.openqa.selenium.SessionNotCreatedException">
            <message>
              <![CDATA[session not created: This version of ChromeDriver only supports Chrome version 100
Current browser version is 103.0.5060.114 with binary path C:\Program Files\Google\Chrome\Application\chrome.exe
Build info: version: '3.14.0', revision: 'aacccce0', time: '2018-08-02T20:19:58.91Z'
System info: host: 'DESKTOP-M3LFRSK', ip: '192.168.1.131', os.name: 'Windows 10', os.arch: 'amd64', os.version: '10.0', java.version: '17.0.2'
Driver info: driver.version: ChromeDriver
remote stacktrace: Backtrace:
Ordinal0 [0x01037413+2389011]
Ordinal0 [0x00FC9F61+1941345]
Ordinal0 [0x00EBC658+837208]
Ordinal0 [0x00EDC773+968563]
Ordinal0 [0x00ED837A+951162]
Ordinal0 [0x00ED5C51+941137]
Ordinal0 [0x00F08C80+1150080]
Ordinal0 [0x00F088DA+1149146]
Ordinal0 [0x00F03F66+1130342]
Ordinal0 [0x00EDE546+976198]
Ordinal0 [0x00EDF456+980054]
GetHandleVerifier [0x011E9632+1727522]
GetHandleVerifier [0x0129BA4D+2457661]
GetHandleVerifier [0x010CEB81+569713]
GetHandleVerifier [0x010CDD76+566118]
Ordinal0 [0x00FD0B2B+1968939]
Ordinal0 [0x00FD5988+1989000]
Ordinal0 [0x00FD5A75+1989237]
Ordinal0 [0x00FDECB1+2026673]
BaseThreadInitThunk [0x76CCFA29+25]
RtlGetAppContainerNamedObjectPath [0x77BA7A9E+286]
RtlGetAppContainerNamedObjectPath [0x77BA7A6E+238]
]]>
            </message>
            <full-stacktrace>
              <![CDATA[org.openqa.selenium.SessionNotCreatedException: session not created: This version of ChromeDriver only supports Chrome version 100
Current browser version is 103.0.5060.114 with binary path C:\Program Files\Google\Chrome\Application\chrome.exe
Build info: version: '3.14.0', revision: 'aacccce0', time: '2018-08-02T20:19:58.91Z'
System info: host: 'DESKTOP-M3LFRSK', ip: '192.168.1.131', os.name: 'Windows 10', os.arch: 'amd64', os.version: '10.0', java.version: '17.0.2'
Driver info: driver.version: ChromeDriver
remote stacktrace: Backtrace:
Ordinal0 [0x01037413+2389011]
Ordinal0 [0x00FC9F61+1941345]
Ordinal0 [0x00EBC658+837208]
Ordinal0 [0x00EDC773+968563]
Ordinal0 [0x00ED837A+951162]
Ordinal0 [0x00ED5C51+941137]
Ordinal0 [0x00F08C80+1150080]
Ordinal0 [0x00F088DA+1149146]
Ordinal0 [0x00F03F66+1130342]
Ordinal0 [0x00EDE546+976198]
Ordinal0 [0x00EDF456+980054]
GetHandleVerifier [0x011E9632+1727522]
GetHandleVerifier [0x0129BA4D+2457661]
GetHandleVerifier [0x010CEB81+569713]
GetHandleVerifier [0x010CDD76+566118]
Ordinal0 [0x00FD0B2B+1968939]
Ordinal0 [0x00FD5988+1989000]
Ordinal0 [0x00FD5A75+1989237]
Ordinal0 [0x00FDECB1+2026673]
BaseThreadInitThunk [0x76CCFA29+25]
RtlGetAppContainerNamedObjectPath [0x77BA7A9E+286]
RtlGetAppContainerNamedObjectPath [0x77BA7A6E+238]

at java.base/jdk.internal.reflect.NativeConstructorAccessorImpl.newInstance0(Native Method)
at java.base/jdk.internal.reflect.NativeConstructorAccessorImpl.newInstance(NativeConstructorAccessorImpl.java:77)
at java.base/jdk.internal.reflect.DelegatingConstructorAccessorImpl.newInstance(DelegatingConstructorAccessorImpl.java:45)
at java.base/java.lang.reflect.Constructor.newInstanceWithCaller(Constructor.java:499)
at java.base/java.lang.reflect.Constructor.newInstance(Constructor.java:480)
at org.openqa.selenium.remote.W3CHandshakeResponse.lambda$new$0(W3CHandshakeResponse.java:57)
at org.openqa.selenium.remote.W3CHandshakeResponse.lambda$getResponseFunction$2(W3CHandshakeResponse.java:104)
at org.openqa.selenium.remote.ProtocolHandshake.lambda$createSession$0(ProtocolHandshake.java:122)
at java.base/java.util.stream.ReferencePipeline$3$1.accept(ReferencePipeline.java:197)
at java.base/java.util.Spliterators$ArraySpliterator.tryAdvance(Spliterators.java:1002)
at java.base/java.util.stream.ReferencePipeline.forEachWithCancel(ReferencePipeline.java:129)
at java.base/java.util.stream.AbstractPipeline.copyIntoWithCancel(AbstractPipeline.java:527)
at java.base/java.util.stream.AbstractPipeline.copyInto(AbstractPipeline.java:513)
at java.base/java.util.stream.AbstractPipeline.wrapAndCopyInto(AbstractPipeline.java:499)
at java.base/java.util.stream.FindOps$FindOp.evaluateSequential(FindOps.java:150)
at java.base/java.util.stream.AbstractPipeline.evaluate(AbstractPipeline.java:234)
at java.base/java.util.stream.ReferencePipeline.findFirst(ReferencePipeline.java:647)
at org.openqa.selenium.remote.ProtocolHandshake.createSession(ProtocolHandshake.java:125)
at org.openqa.selenium.remote.ProtocolHandshake.createSession(ProtocolHandshake.java:73)
at org.openqa.selenium.remote.HttpCommandExecutor.execute(HttpCommandExecutor.java:136)
at org.openqa.selenium.remote.service.DriverCommandExecutor.execute(DriverCommandExecutor.java:83)
at org.openqa.selenium.remote.RemoteWebDriver.execute(RemoteWebDriver.java:548)
at org.openqa.selenium.remote.RemoteWebDriver.startSession(RemoteWebDriver.java:212)
at org.openqa.selenium.remote.RemoteWebDriver.<init>(RemoteWebDriver.java:130)
at org.openqa.selenium.chrome.ChromeDriver.<init>(ChromeDriver.java:181)
at org.openqa.selenium.chrome.ChromeDriver.<init>(ChromeDriver.java:168)
at org.openqa.selenium.chrome.ChromeDriver.<init>(ChromeDriver.java:123)
at HomePage.Homepage.launch_Browser(Homepage.java:25)
at java.base/jdk.internal.reflect.NativeMethodAccessorImpl.invoke0(Native Method)
at java.base/jdk.internal.reflect.NativeMethodAccessorImpl.invoke(NativeMethodAccessorImpl.java:77)
at java.base/jdk.internal.reflect.DelegatingMethodAccessorImpl.invoke(DelegatingMethodAccessorImpl.java:43)
at java.base/java.lang.reflect.Method.invoke(Method.java:568)
at org.testng.internal.MethodInvocationHelper.invokeMethod(MethodInvocationHelper.java:133)
at org.testng.internal.MethodInvocationHelper.invokeMethodConsideringTimeout(MethodInvocationHelper.java:62)
at org.testng.internal.ConfigInvoker.invokeConfigurationMethod(ConfigInvoker.java:385)
at org.testng.internal.ConfigInvoker.invokeConfigurations(ConfigInvoker.java:321)
at org.testng.SuiteRunner.privateRun(SuiteRunner.java:317)
at org.testng.SuiteRunner.run(SuiteRunner.java:276)
at org.testng.SuiteRunnerWorker.runSuite(SuiteRunnerWorker.java:53)
at org.testng.SuiteRunnerWorker.run(SuiteRunnerWorker.java:96)
at org.testng.TestNG.runSuitesSequentially(TestNG.java:1212)
at org.testng.TestNG.runSuitesLocally(TestNG.java:1134)
at org.testng.TestNG.runSuites(TestNG.java:1063)
at org.testng.TestNG.run(TestNG.java:1031)
at org.testng.remote.AbstractRemoteTestNG.run(AbstractRemoteTestNG.java:115)
at org.testng.remote.RemoteTestNG.initAndRun(RemoteTestNG.java:251)
at org.testng.remote.RemoteTestNG.main(RemoteTestNG.java:77)
]]>
            </full-stacktrace>
          </exception> <!-- org.openqa.selenium.SessionNotCreatedException -->
          <reporter-output>
          </reporter-output>
        </test-method> <!-- FIPGTS_00001_FIPGTS_00007 -->
        <test-method signature="FIPGTS_00001_FIPGTS_00008()[pri:8, instance:HomePage.Homepage@54e1c68b]" started-at="2022-07-19T16:13:32 IST" name="FIPGTS_00001_FIPGTS_00008" finished-at="2022-07-19T16:13:32 IST" duration-ms="0" status="SKIP">
          <exception class="org.openqa.selenium.SessionNotCreatedException">
            <message>
              <![CDATA[session not created: This version of ChromeDriver only supports Chrome version 100
Current browser version is 103.0.5060.114 with binary path C:\Program Files\Google\Chrome\Application\chrome.exe
Build info: version: '3.14.0', revision: 'aacccce0', time: '2018-08-02T20:19:58.91Z'
System info: host: 'DESKTOP-M3LFRSK', ip: '192.168.1.131', os.name: 'Windows 10', os.arch: 'amd64', os.version: '10.0', java.version: '17.0.2'
Driver info: driver.version: ChromeDriver
remote stacktrace: Backtrace:
Ordinal0 [0x01037413+2389011]
Ordinal0 [0x00FC9F61+1941345]
Ordinal0 [0x00EBC658+837208]
Ordinal0 [0x00EDC773+968563]
Ordinal0 [0x00ED837A+951162]
Ordinal0 [0x00ED5C51+941137]
Ordinal0 [0x00F08C80+1150080]
Ordinal0 [0x00F088DA+1149146]
Ordinal0 [0x00F03F66+1130342]
Ordinal0 [0x00EDE546+976198]
Ordinal0 [0x00EDF456+980054]
GetHandleVerifier [0x011E9632+1727522]
GetHandleVerifier [0x0129BA4D+2457661]
GetHandleVerifier [0x010CEB81+569713]
GetHandleVerifier [0x010CDD76+566118]
Ordinal0 [0x00FD0B2B+1968939]
Ordinal0 [0x00FD5988+1989000]
Ordinal0 [0x00FD5A75+1989237]
Ordinal0 [0x00FDECB1+2026673]
BaseThreadInitThunk [0x76CCFA29+25]
RtlGetAppContainerNamedObjectPath [0x77BA7A9E+286]
RtlGetAppContainerNamedObjectPath [0x77BA7A6E+238]
]]>
            </message>
            <full-stacktrace>
              <![CDATA[org.openqa.selenium.SessionNotCreatedException: session not created: This version of ChromeDriver only supports Chrome version 100
Current browser version is 103.0.5060.114 with binary path C:\Program Files\Google\Chrome\Application\chrome.exe
Build info: version: '3.14.0', revision: 'aacccce0', time: '2018-08-02T20:19:58.91Z'
System info: host: 'DESKTOP-M3LFRSK', ip: '192.168.1.131', os.name: 'Windows 10', os.arch: 'amd64', os.version: '10.0', java.version: '17.0.2'
Driver info: driver.version: ChromeDriver
remote stacktrace: Backtrace:
Ordinal0 [0x01037413+2389011]
Ordinal0 [0x00FC9F61+1941345]
Ordinal0 [0x00EBC658+837208]
Ordinal0 [0x00EDC773+968563]
Ordinal0 [0x00ED837A+951162]
Ordinal0 [0x00ED5C51+941137]
Ordinal0 [0x00F08C80+1150080]
Ordinal0 [0x00F088DA+1149146]
Ordinal0 [0x00F03F66+1130342]
Ordinal0 [0x00EDE546+976198]
Ordinal0 [0x00EDF456+980054]
GetHandleVerifier [0x011E9632+1727522]
GetHandleVerifier [0x0129BA4D+2457661]
GetHandleVerifier [0x010CEB81+569713]
GetHandleVerifier [0x010CDD76+566118]
Ordinal0 [0x00FD0B2B+1968939]
Ordinal0 [0x00FD5988+1989000]
Ordinal0 [0x00FD5A75+1989237]
Ordinal0 [0x00FDECB1+2026673]
BaseThreadInitThunk [0x76CCFA29+25]
RtlGetAppContainerNamedObjectPath [0x77BA7A9E+286]
RtlGetAppContainerNamedObjectPath [0x77BA7A6E+238]

at java.base/jdk.internal.reflect.NativeConstructorAccessorImpl.newInstance0(Native Method)
at java.base/jdk.internal.reflect.NativeConstructorAccessorImpl.newInstance(NativeConstructorAccessorImpl.java:77)
at java.base/jdk.internal.reflect.DelegatingConstructorAccessorImpl.newInstance(DelegatingConstructorAccessorImpl.java:45)
at java.base/java.lang.reflect.Constructor.newInstanceWithCaller(Constructor.java:499)
at java.base/java.lang.reflect.Constructor.newInstance(Constructor.java:480)
at org.openqa.selenium.remote.W3CHandshakeResponse.lambda$new$0(W3CHandshakeResponse.java:57)
at org.openqa.selenium.remote.W3CHandshakeResponse.lambda$getResponseFunction$2(W3CHandshakeResponse.java:104)
at org.openqa.selenium.remote.ProtocolHandshake.lambda$createSession$0(ProtocolHandshake.java:122)
at java.base/java.util.stream.ReferencePipeline$3$1.accept(ReferencePipeline.java:197)
at java.base/java.util.Spliterators$ArraySpliterator.tryAdvance(Spliterators.java:1002)
at java.base/java.util.stream.ReferencePipeline.forEachWithCancel(ReferencePipeline.java:129)
at java.base/java.util.stream.AbstractPipeline.copyIntoWithCancel(AbstractPipeline.java:527)
at java.base/java.util.stream.AbstractPipeline.copyInto(AbstractPipeline.java:513)
at java.base/java.util.stream.AbstractPipeline.wrapAndCopyInto(AbstractPipeline.java:499)
at java.base/java.util.stream.FindOps$FindOp.evaluateSequential(FindOps.java:150)
at java.base/java.util.stream.AbstractPipeline.evaluate(AbstractPipeline.java:234)
at java.base/java.util.stream.ReferencePipeline.findFirst(ReferencePipeline.java:647)
at org.openqa.selenium.remote.ProtocolHandshake.createSession(ProtocolHandshake.java:125)
at org.openqa.selenium.remote.ProtocolHandshake.createSession(ProtocolHandshake.java:73)
at org.openqa.selenium.remote.HttpCommandExecutor.execute(HttpCommandExecutor.java:136)
at org.openqa.selenium.remote.service.DriverCommandExecutor.execute(DriverCommandExecutor.java:83)
at org.openqa.selenium.remote.RemoteWebDriver.execute(RemoteWebDriver.java:548)
at org.openqa.selenium.remote.RemoteWebDriver.startSession(RemoteWebDriver.java:212)
at org.openqa.selenium.remote.RemoteWebDriver.<init>(RemoteWebDriver.java:130)
at org.openqa.selenium.chrome.ChromeDriver.<init>(ChromeDriver.java:181)
at org.openqa.selenium.chrome.ChromeDriver.<init>(ChromeDriver.java:168)
at org.openqa.selenium.chrome.ChromeDriver.<init>(ChromeDriver.java:123)
at HomePage.Homepage.launch_Browser(Homepage.java:25)
at java.base/jdk.internal.reflect.NativeMethodAccessorImpl.invoke0(Native Method)
at java.base/jdk.internal.reflect.NativeMethodAccessorImpl.invoke(NativeMethodAccessorImpl.java:77)
at java.base/jdk.internal.reflect.DelegatingMethodAccessorImpl.invoke(DelegatingMethodAccessorImpl.java:43)
at java.base/java.lang.reflect.Method.invoke(Method.java:568)
at org.testng.internal.MethodInvocationHelper.invokeMethod(MethodInvocationHelper.java:133)
at org.testng.internal.MethodInvocationHelper.invokeMethodConsideringTimeout(MethodInvocationHelper.java:62)
at org.testng.internal.ConfigInvoker.invokeConfigurationMethod(ConfigInvoker.java:385)
at org.testng.internal.ConfigInvoker.invokeConfigurations(ConfigInvoker.java:321)
at org.testng.SuiteRunner.privateRun(SuiteRunner.java:317)
at org.testng.SuiteRunner.run(SuiteRunner.java:276)
at org.testng.SuiteRunnerWorker.runSuite(SuiteRunnerWorker.java:53)
at org.testng.SuiteRunnerWorker.run(SuiteRunnerWorker.java:96)
at org.testng.TestNG.runSuitesSequentially(TestNG.java:1212)
at org.testng.TestNG.runSuitesLocally(TestNG.java:1134)
at org.testng.TestNG.runSuites(TestNG.java:1063)
at org.testng.TestNG.run(TestNG.java:1031)
at org.testng.remote.AbstractRemoteTestNG.run(AbstractRemoteTestNG.java:115)
at org.testng.remote.RemoteTestNG.initAndRun(RemoteTestNG.java:251)
at org.testng.remote.RemoteTestNG.main(RemoteTestNG.java:77)
]]>
            </full-stacktrace>
          </exception> <!-- org.openqa.selenium.SessionNotCreatedException -->
          <reporter-output>
          </reporter-output>
        </test-method> <!-- FIPGTS_00001_FIPGTS_00008 -->
        <test-method signature="FIPGTS_00002_FIPGTS_00001()[pri:10, instance:HomePage.Homepage@54e1c68b]" started-at="2022-07-19T16:13:32 IST" name="FIPGTS_00002_FIPGTS_00001" finished-at="2022-07-19T16:13:32 IST" duration-ms="0" status="SKIP">
          <exception class="org.openqa.selenium.SessionNotCreatedException">
            <message>
              <![CDATA[session not created: This version of ChromeDriver only supports Chrome version 100
Current browser version is 103.0.5060.114 with binary path C:\Program Files\Google\Chrome\Application\chrome.exe
Build info: version: '3.14.0', revision: 'aacccce0', time: '2018-08-02T20:19:58.91Z'
System info: host: 'DESKTOP-M3LFRSK', ip: '192.168.1.131', os.name: 'Windows 10', os.arch: 'amd64', os.version: '10.0', java.version: '17.0.2'
Driver info: driver.version: ChromeDriver
remote stacktrace: Backtrace:
Ordinal0 [0x01037413+2389011]
Ordinal0 [0x00FC9F61+1941345]
Ordinal0 [0x00EBC658+837208]
Ordinal0 [0x00EDC773+968563]
Ordinal0 [0x00ED837A+951162]
Ordinal0 [0x00ED5C51+941137]
Ordinal0 [0x00F08C80+1150080]
Ordinal0 [0x00F088DA+1149146]
Ordinal0 [0x00F03F66+1130342]
Ordinal0 [0x00EDE546+976198]
Ordinal0 [0x00EDF456+980054]
GetHandleVerifier [0x011E9632+1727522]
GetHandleVerifier [0x0129BA4D+2457661]
GetHandleVerifier [0x010CEB81+569713]
GetHandleVerifier [0x010CDD76+566118]
Ordinal0 [0x00FD0B2B+1968939]
Ordinal0 [0x00FD5988+1989000]
Ordinal0 [0x00FD5A75+1989237]
Ordinal0 [0x00FDECB1+2026673]
BaseThreadInitThunk [0x76CCFA29+25]
RtlGetAppContainerNamedObjectPath [0x77BA7A9E+286]
RtlGetAppContainerNamedObjectPath [0x77BA7A6E+238]
]]>
            </message>
            <full-stacktrace>
              <![CDATA[org.openqa.selenium.SessionNotCreatedException: session not created: This version of ChromeDriver only supports Chrome version 100
Current browser version is 103.0.5060.114 with binary path C:\Program Files\Google\Chrome\Application\chrome.exe
Build info: version: '3.14.0', revision: 'aacccce0', time: '2018-08-02T20:19:58.91Z'
System info: host: 'DESKTOP-M3LFRSK', ip: '192.168.1.131', os.name: 'Windows 10', os.arch: 'amd64', os.version: '10.0', java.version: '17.0.2'
Driver info: driver.version: ChromeDriver
remote stacktrace: Backtrace:
Ordinal0 [0x01037413+2389011]
Ordinal0 [0x00FC9F61+1941345]
Ordinal0 [0x00EBC658+837208]
Ordinal0 [0x00EDC773+968563]
Ordinal0 [0x00ED837A+951162]
Ordinal0 [0x00ED5C51+941137]
Ordinal0 [0x00F08C80+1150080]
Ordinal0 [0x00F088DA+1149146]
Ordinal0 [0x00F03F66+1130342]
Ordinal0 [0x00EDE546+976198]
Ordinal0 [0x00EDF456+980054]
GetHandleVerifier [0x011E9632+1727522]
GetHandleVerifier [0x0129BA4D+2457661]
GetHandleVerifier [0x010CEB81+569713]
GetHandleVerifier [0x010CDD76+566118]
Ordinal0 [0x00FD0B2B+1968939]
Ordinal0 [0x00FD5988+1989000]
Ordinal0 [0x00FD5A75+1989237]
Ordinal0 [0x00FDECB1+2026673]
BaseThreadInitThunk [0x76CCFA29+25]
RtlGetAppContainerNamedObjectPath [0x77BA7A9E+286]
RtlGetAppContainerNamedObjectPath [0x77BA7A6E+238]

at java.base/jdk.internal.reflect.NativeConstructorAccessorImpl.newInstance0(Native Method)
at java.base/jdk.internal.reflect.NativeConstructorAccessorImpl.newInstance(NativeConstructorAccessorImpl.java:77)
at java.base/jdk.internal.reflect.DelegatingConstructorAccessorImpl.newInstance(DelegatingConstructorAccessorImpl.java:45)
at java.base/java.lang.reflect.Constructor.newInstanceWithCaller(Constructor.java:499)
at java.base/java.lang.reflect.Constructor.newInstance(Constructor.java:480)
at org.openqa.selenium.remote.W3CHandshakeResponse.lambda$new$0(W3CHandshakeResponse.java:57)
at org.openqa.selenium.remote.W3CHandshakeResponse.lambda$getResponseFunction$2(W3CHandshakeResponse.java:104)
at org.openqa.selenium.remote.ProtocolHandshake.lambda$createSession$0(ProtocolHandshake.java:122)
at java.base/java.util.stream.ReferencePipeline$3$1.accept(ReferencePipeline.java:197)
at java.base/java.util.Spliterators$ArraySpliterator.tryAdvance(Spliterators.java:1002)
at java.base/java.util.stream.ReferencePipeline.forEachWithCancel(ReferencePipeline.java:129)
at java.base/java.util.stream.AbstractPipeline.copyIntoWithCancel(AbstractPipeline.java:527)
at java.base/java.util.stream.AbstractPipeline.copyInto(AbstractPipeline.java:513)
at java.base/java.util.stream.AbstractPipeline.wrapAndCopyInto(AbstractPipeline.java:499)
at java.base/java.util.stream.FindOps$FindOp.evaluateSequential(FindOps.java:150)
at java.base/java.util.stream.AbstractPipeline.evaluate(AbstractPipeline.java:234)
at java.base/java.util.stream.ReferencePipeline.findFirst(ReferencePipeline.java:647)
at org.openqa.selenium.remote.ProtocolHandshake.createSession(ProtocolHandshake.java:125)
at org.openqa.selenium.remote.ProtocolHandshake.createSession(ProtocolHandshake.java:73)
at org.openqa.selenium.remote.HttpCommandExecutor.execute(HttpCommandExecutor.java:136)
at org.openqa.selenium.remote.service.DriverCommandExecutor.execute(DriverCommandExecutor.java:83)
at org.openqa.selenium.remote.RemoteWebDriver.execute(RemoteWebDriver.java:548)
at org.openqa.selenium.remote.RemoteWebDriver.startSession(RemoteWebDriver.java:212)
at org.openqa.selenium.remote.RemoteWebDriver.<init>(RemoteWebDriver.java:130)
at org.openqa.selenium.chrome.ChromeDriver.<init>(ChromeDriver.java:181)
at org.openqa.selenium.chrome.ChromeDriver.<init>(ChromeDriver.java:168)
at org.openqa.selenium.chrome.ChromeDriver.<init>(ChromeDriver.java:123)
at HomePage.Homepage.launch_Browser(Homepage.java:25)
at java.base/jdk.internal.reflect.NativeMethodAccessorImpl.invoke0(Native Method)
at java.base/jdk.internal.reflect.NativeMethodAccessorImpl.invoke(NativeMethodAccessorImpl.java:77)
at java.base/jdk.internal.reflect.DelegatingMethodAccessorImpl.invoke(DelegatingMethodAccessorImpl.java:43)
at java.base/java.lang.reflect.Method.invoke(Method.java:568)
at org.testng.internal.MethodInvocationHelper.invokeMethod(MethodInvocationHelper.java:133)
at org.testng.internal.MethodInvocationHelper.invokeMethodConsideringTimeout(MethodInvocationHelper.java:62)
at org.testng.internal.ConfigInvoker.invokeConfigurationMethod(ConfigInvoker.java:385)
at org.testng.internal.ConfigInvoker.invokeConfigurations(ConfigInvoker.java:321)
at org.testng.SuiteRunner.privateRun(SuiteRunner.java:317)
at org.testng.SuiteRunner.run(SuiteRunner.java:276)
at org.testng.SuiteRunnerWorker.runSuite(SuiteRunnerWorker.java:53)
at org.testng.SuiteRunnerWorker.run(SuiteRunnerWorker.java:96)
at org.testng.TestNG.runSuitesSequentially(TestNG.java:1212)
at org.testng.TestNG.runSuitesLocally(TestNG.java:1134)
at org.testng.TestNG.runSuites(TestNG.java:1063)
at org.testng.TestNG.run(TestNG.java:1031)
at org.testng.remote.AbstractRemoteTestNG.run(AbstractRemoteTestNG.java:115)
at org.testng.remote.RemoteTestNG.initAndRun(RemoteTestNG.java:251)
at org.testng.remote.RemoteTestNG.main(RemoteTestNG.java:77)
]]>
            </full-stacktrace>
          </exception> <!-- org.openqa.selenium.SessionNotCreatedException -->
          <reporter-output>
          </reporter-output>
        </test-method> <!-- FIPGTS_00002_FIPGTS_00001 -->
        <test-method signature="FIPGTS_00002_FIPGTS_00002()[pri:11, instance:HomePage.Homepage@54e1c68b]" started-at="2022-07-19T16:13:32 IST" name="FIPGTS_00002_FIPGTS_00002" finished-at="2022-07-19T16:13:32 IST" duration-ms="0" status="SKIP">
          <exception class="org.openqa.selenium.SessionNotCreatedException">
            <message>
              <![CDATA[session not created: This version of ChromeDriver only supports Chrome version 100
Current browser version is 103.0.5060.114 with binary path C:\Program Files\Google\Chrome\Application\chrome.exe
Build info: version: '3.14.0', revision: 'aacccce0', time: '2018-08-02T20:19:58.91Z'
System info: host: 'DESKTOP-M3LFRSK', ip: '192.168.1.131', os.name: 'Windows 10', os.arch: 'amd64', os.version: '10.0', java.version: '17.0.2'
Driver info: driver.version: ChromeDriver
remote stacktrace: Backtrace:
Ordinal0 [0x01037413+2389011]
Ordinal0 [0x00FC9F61+1941345]
Ordinal0 [0x00EBC658+837208]
Ordinal0 [0x00EDC773+968563]
Ordinal0 [0x00ED837A+951162]
Ordinal0 [0x00ED5C51+941137]
Ordinal0 [0x00F08C80+1150080]
Ordinal0 [0x00F088DA+1149146]
Ordinal0 [0x00F03F66+1130342]
Ordinal0 [0x00EDE546+976198]
Ordinal0 [0x00EDF456+980054]
GetHandleVerifier [0x011E9632+1727522]
GetHandleVerifier [0x0129BA4D+2457661]
GetHandleVerifier [0x010CEB81+569713]
GetHandleVerifier [0x010CDD76+566118]
Ordinal0 [0x00FD0B2B+1968939]
Ordinal0 [0x00FD5988+1989000]
Ordinal0 [0x00FD5A75+1989237]
Ordinal0 [0x00FDECB1+2026673]
BaseThreadInitThunk [0x76CCFA29+25]
RtlGetAppContainerNamedObjectPath [0x77BA7A9E+286]
RtlGetAppContainerNamedObjectPath [0x77BA7A6E+238]
]]>
            </message>
            <full-stacktrace>
              <![CDATA[org.openqa.selenium.SessionNotCreatedException: session not created: This version of ChromeDriver only supports Chrome version 100
Current browser version is 103.0.5060.114 with binary path C:\Program Files\Google\Chrome\Application\chrome.exe
Build info: version: '3.14.0', revision: 'aacccce0', time: '2018-08-02T20:19:58.91Z'
System info: host: 'DESKTOP-M3LFRSK', ip: '192.168.1.131', os.name: 'Windows 10', os.arch: 'amd64', os.version: '10.0', java.version: '17.0.2'
Driver info: driver.version: ChromeDriver
remote stacktrace: Backtrace:
Ordinal0 [0x01037413+2389011]
Ordinal0 [0x00FC9F61+1941345]
Ordinal0 [0x00EBC658+837208]
Ordinal0 [0x00EDC773+968563]
Ordinal0 [0x00ED837A+951162]
Ordinal0 [0x00ED5C51+941137]
Ordinal0 [0x00F08C80+1150080]
Ordinal0 [0x00F088DA+1149146]
Ordinal0 [0x00F03F66+1130342]
Ordinal0 [0x00EDE546+976198]
Ordinal0 [0x00EDF456+980054]
GetHandleVerifier [0x011E9632+1727522]
GetHandleVerifier [0x0129BA4D+2457661]
GetHandleVerifier [0x010CEB81+569713]
GetHandleVerifier [0x010CDD76+566118]
Ordinal0 [0x00FD0B2B+1968939]
Ordinal0 [0x00FD5988+1989000]
Ordinal0 [0x00FD5A75+1989237]
Ordinal0 [0x00FDECB1+2026673]
BaseThreadInitThunk [0x76CCFA29+25]
RtlGetAppContainerNamedObjectPath [0x77BA7A9E+286]
RtlGetAppContainerNamedObjectPath [0x77BA7A6E+238]

at java.base/jdk.internal.reflect.NativeConstructorAccessorImpl.newInstance0(Native Method)
at java.base/jdk.internal.reflect.NativeConstructorAccessorImpl.newInstance(NativeConstructorAccessorImpl.java:77)
at java.base/jdk.internal.reflect.DelegatingConstructorAccessorImpl.newInstance(DelegatingConstructorAccessorImpl.java:45)
at java.base/java.lang.reflect.Constructor.newInstanceWithCaller(Constructor.java:499)
at java.base/java.lang.reflect.Constructor.newInstance(Constructor.java:480)
at org.openqa.selenium.remote.W3CHandshakeResponse.lambda$new$0(W3CHandshakeResponse.java:57)
at org.openqa.selenium.remote.W3CHandshakeResponse.lambda$getResponseFunction$2(W3CHandshakeResponse.java:104)
at org.openqa.selenium.remote.ProtocolHandshake.lambda$createSession$0(ProtocolHandshake.java:122)
at java.base/java.util.stream.ReferencePipeline$3$1.accept(ReferencePipeline.java:197)
at java.base/java.util.Spliterators$ArraySpliterator.tryAdvance(Spliterators.java:1002)
at java.base/java.util.stream.ReferencePipeline.forEachWithCancel(ReferencePipeline.java:129)
at java.base/java.util.stream.AbstractPipeline.copyIntoWithCancel(AbstractPipeline.java:527)
at java.base/java.util.stream.AbstractPipeline.copyInto(AbstractPipeline.java:513)
at java.base/java.util.stream.AbstractPipeline.wrapAndCopyInto(AbstractPipeline.java:499)
at java.base/java.util.stream.FindOps$FindOp.evaluateSequential(FindOps.java:150)
at java.base/java.util.stream.AbstractPipeline.evaluate(AbstractPipeline.java:234)
at java.base/java.util.stream.ReferencePipeline.findFirst(ReferencePipeline.java:647)
at org.openqa.selenium.remote.ProtocolHandshake.createSession(ProtocolHandshake.java:125)
at org.openqa.selenium.remote.ProtocolHandshake.createSession(ProtocolHandshake.java:73)
at org.openqa.selenium.remote.HttpCommandExecutor.execute(HttpCommandExecutor.java:136)
at org.openqa.selenium.remote.service.DriverCommandExecutor.execute(DriverCommandExecutor.java:83)
at org.openqa.selenium.remote.RemoteWebDriver.execute(RemoteWebDriver.java:548)
at org.openqa.selenium.remote.RemoteWebDriver.startSession(RemoteWebDriver.java:212)
at org.openqa.selenium.remote.RemoteWebDriver.<init>(RemoteWebDriver.java:130)
at org.openqa.selenium.chrome.ChromeDriver.<init>(ChromeDriver.java:181)
at org.openqa.selenium.chrome.ChromeDriver.<init>(ChromeDriver.java:168)
at org.openqa.selenium.chrome.ChromeDriver.<init>(ChromeDriver.java:123)
at HomePage.Homepage.launch_Browser(Homepage.java:25)
at java.base/jdk.internal.reflect.NativeMethodAccessorImpl.invoke0(Native Method)
at java.base/jdk.internal.reflect.NativeMethodAccessorImpl.invoke(NativeMethodAccessorImpl.java:77)
at java.base/jdk.internal.reflect.DelegatingMethodAccessorImpl.invoke(DelegatingMethodAccessorImpl.java:43)
at java.base/java.lang.reflect.Method.invoke(Method.java:568)
at org.testng.internal.MethodInvocationHelper.invokeMethod(MethodInvocationHelper.java:133)
at org.testng.internal.MethodInvocationHelper.invokeMethodConsideringTimeout(MethodInvocationHelper.java:62)
at org.testng.internal.ConfigInvoker.invokeConfigurationMethod(ConfigInvoker.java:385)
at org.testng.internal.ConfigInvoker.invokeConfigurations(ConfigInvoker.java:321)
at org.testng.SuiteRunner.privateRun(SuiteRunner.java:317)
at org.testng.SuiteRunner.run(SuiteRunner.java:276)
at org.testng.SuiteRunnerWorker.runSuite(SuiteRunnerWorker.java:53)
at org.testng.SuiteRunnerWorker.run(SuiteRunnerWorker.java:96)
at org.testng.TestNG.runSuitesSequentially(TestNG.java:1212)
at org.testng.TestNG.runSuitesLocally(TestNG.java:1134)
at org.testng.TestNG.runSuites(TestNG.java:1063)
at org.testng.TestNG.run(TestNG.java:1031)
at org.testng.remote.AbstractRemoteTestNG.run(AbstractRemoteTestNG.java:115)
at org.testng.remote.RemoteTestNG.initAndRun(RemoteTestNG.java:251)
at org.testng.remote.RemoteTestNG.main(RemoteTestNG.java:77)
]]>
            </full-stacktrace>
          </exception> <!-- org.openqa.selenium.SessionNotCreatedException -->
          <reporter-output>
          </reporter-output>
        </test-method> <!-- FIPGTS_00002_FIPGTS_00002 -->
        <test-method signature="FIPGTS_00002_FIPGTS_00003()[pri:12, instance:HomePage.Homepage@54e1c68b]" started-at="2022-07-19T16:13:32 IST" name="FIPGTS_00002_FIPGTS_00003" finished-at="2022-07-19T16:13:32 IST" duration-ms="0" status="SKIP">
          <exception class="org.openqa.selenium.SessionNotCreatedException">
            <message>
              <![CDATA[session not created: This version of ChromeDriver only supports Chrome version 100
Current browser version is 103.0.5060.114 with binary path C:\Program Files\Google\Chrome\Application\chrome.exe
Build info: version: '3.14.0', revision: 'aacccce0', time: '2018-08-02T20:19:58.91Z'
System info: host: 'DESKTOP-M3LFRSK', ip: '192.168.1.131', os.name: 'Windows 10', os.arch: 'amd64', os.version: '10.0', java.version: '17.0.2'
Driver info: driver.version: ChromeDriver
remote stacktrace: Backtrace:
Ordinal0 [0x01037413+2389011]
Ordinal0 [0x00FC9F61+1941345]
Ordinal0 [0x00EBC658+837208]
Ordinal0 [0x00EDC773+968563]
Ordinal0 [0x00ED837A+951162]
Ordinal0 [0x00ED5C51+941137]
Ordinal0 [0x00F08C80+1150080]
Ordinal0 [0x00F088DA+1149146]
Ordinal0 [0x00F03F66+1130342]
Ordinal0 [0x00EDE546+976198]
Ordinal0 [0x00EDF456+980054]
GetHandleVerifier [0x011E9632+1727522]
GetHandleVerifier [0x0129BA4D+2457661]
GetHandleVerifier [0x010CEB81+569713]
GetHandleVerifier [0x010CDD76+566118]
Ordinal0 [0x00FD0B2B+1968939]
Ordinal0 [0x00FD5988+1989000]
Ordinal0 [0x00FD5A75+1989237]
Ordinal0 [0x00FDECB1+2026673]
BaseThreadInitThunk [0x76CCFA29+25]
[...]
Current browser version is 103.0.5060.114 with binary path C:\Program Files\Google\Chrome\Application\chrome.exe
Build info: version: '3.14.0', revision: 'aacccce0', time: '2018-08-02T20:19:58.91Z'
System info: host: 'DESKTOP-M3LFRSK', ip: '192.168.1.131', os.name: 'Windows 10', os.arch: 'amd64', os.version: '10.0', java.version: '17.0.2'
Driver info: driver.version: ChromeDriver
remote stacktrace: Backtrace:
Ordinal0 [0x01037413+2389011]
Ordinal0 [0x00FC9F61+1941345]
Ordinal0 [0x00EBC658+837208]
Ordinal0 [0x00EDC773+968563]
Ordinal0 [0x00ED837A+951162]
Ordinal0 [0x00ED5C51+941137]
Ordinal0 [0x00F08C80+1150080]
Ordinal0 [0x00F088DA+1149146]
Ordinal0 [0x00F03F66+1130342]
Ordinal0 [0x00EDE546+976198]
Ordinal0 [0x00EDF456+980054]
GetHandleVerifier [0x011E9632+1727522]
GetHandleVerifier [0x0129BA4D+2457661]
GetHandleVerifier [0x010CEB81+569713]
GetHandleVerifier [0x010CDD76+566118]
Ordinal0 [0x00FD0B2B+1968939]
Ordinal0 [0x00FD5988+1989000]
Ordinal0 [0x00FD5A75+1989237]
Ordinal0 [0x00FDECB1+2026673]
BaseThreadInitThunk [0x76CCFA29+25]
RtlGetAppContainerNamedObjectPath [0x77BA7A9E+286]
RtlGetAppContainerNamedObjectPath [0x77BA7A6E+238]

at java.base/jdk.internal.reflect.NativeConstructorAccessorImpl.newInstance0(Native Method)
at java.base/jdk.internal.reflect.NativeConstructorAccessorImpl.newInstance(NativeConstructorAccessorImpl.java:77)
at java.base/jdk.internal.reflect.DelegatingConstructorAccessorImpl.newInstance(DelegatingConstructorAccessorImpl.java:45)
at java.base/java.lang.reflect.Constructor.newInstanceWithCaller(Constructor.java:499)
at java.base/java.lang.reflect.Constructor.newInstance(Constructor.java:480)
at org.openqa.selenium.remote.W3CHandshakeResponse.lambda$new$0(W3CHandshakeResponse.java:57)
at org.openqa.selenium.remote.W3CHandshakeResponse.lambda$getResponseFunction$2(W3CHandshakeResponse.java:104)
at org.openqa.selenium.remote.ProtocolHandshake.lambda$createSession$0(ProtocolHandshake.java:122)
at java.base/java.util.stream.ReferencePipeline$3$1.accept(ReferencePipeline.java:197)
at java.base/java.util.Spliterators$ArraySpliterator.tryAdvance(Spliterators.java:1002)
at java.base/java.util.stream.ReferencePipeline.forEachWithCancel(ReferencePipeline.java:129)
at java.base/java.util.stream.AbstractPipeline.copyIntoWithCancel(AbstractPipeline.java:527)
at java.base/java.util.stream.AbstractPipeline.copyInto(AbstractPipeline.java:513)
at java.base/java.util.stream.AbstractPipeline.wrapAndCopyInto(AbstractPipeline.java:499)
at java.base/java.util.stream.FindOps$FindOp.evaluateSequential(FindOps.java:150)
at java.base/java.util.stream.AbstractPipeline.evaluate(AbstractPipeline.java:234)
at java.base/java.util.stream.ReferencePipeline.findFirst(ReferencePipeline.java:647)
at org.openqa.selenium.remote.ProtocolHandshake.createSession(ProtocolHandshake.java:125)
at org.openqa.selenium.remote.ProtocolHandshake.createSession(ProtocolHandshake.java:73)
at org.openqa.selenium.remote.HttpCommandExecutor.execute(HttpCommandExecutor.java:136)
at org.openqa.selenium.remote.service.DriverCommandExecutor.execute(DriverCommandExecutor.java:83)
at org.openqa.selenium.remote.RemoteWebDriver.execute(RemoteWebDriver.java:548)
at org.openqa.selenium.remote.RemoteWebDriver.startSession(RemoteWebDriver.java:212)
at org.openqa.selenium.remote.RemoteWebDriver.<init>(RemoteWebDriver.java:130)
at org.openqa.selenium.chrome.ChromeDriver.<init>(ChromeDriver.java:181)
at org.openqa.selenium.chrome.ChromeDriver.<init>(ChromeDriver.java:168)
at org.openqa.selenium.chrome.ChromeDriver.<init>(ChromeDriver.java:123)
at HomePage.Homepage.launch_Browser(Homepage.java:25)
at java.base/jdk.internal.reflect.NativeMethodAccessorImpl.invoke0(Native Method)
at java.base/jdk.internal.reflect.NativeMethodAccessorImpl.invoke(NativeMethodAccessorImpl.java:77)
at java.base/jdk.internal.reflect.DelegatingMethodAccessorImpl.invoke(DelegatingMethodAccessorImpl.java:43)
at java.base/java.lang.reflect.Method.invoke(Method.java:568)
at org.testng.internal.MethodInvocationHelper.invokeMethod(MethodInvocationHelper.java:133)
at org.testng.internal.MethodInvocationHelper.invokeMethodConsideringTimeout(MethodInvocationHelper.java:62)
at org.testng.internal.ConfigInvoker.invokeConfigurationMethod(ConfigInvoker.java:385)
at org.testng.internal.ConfigInvoker.invokeConfigurations(ConfigInvoker.java:321)
at org.testng.SuiteRunner.privateRun(SuiteRunner.java:317)
at org.testng.SuiteRunner.run(SuiteRunner.java:276)
at org.testng.SuiteRunnerWorker.runSuite(SuiteRunnerWorker.java:53)
at org.testng.SuiteRunnerWorker.run(SuiteRunnerWorker.java:96)
at org.testng.TestNG.runSuitesSequentially(TestNG.java:1212)
at org.testng.TestNG.runSuitesLocally(TestNG.java:1134)
at org.testng.TestNG.runSuites(TestNG.java:1063)
at org.testng.TestNG.run(TestNG.java:1031)
at org.testng.remote.AbstractRemoteTestNG.run(AbstractRemoteTestNG.java:115)
at org.testng.remote.RemoteTestNG.initAndRun(RemoteTestNG.java:251)
at org.testng.remote.RemoteTestNG.main(RemoteTestNG.java:77)
]]>
            </full-stacktrace>
          </exception> <!-- org.openqa.selenium.SessionNotCreatedException -->
          <reporter-output>
          </reporter-output>
        </test-method> <!-- FIPGTS_00003_FIPGTS_00007 -->
        <test-method signature="FIPGTS_00003_FIPGTS_00008()[pri:29, instance:HomePage.Homepage@54e1c68b]" started-at="2022-07-19T16:13:32 IST" name="FIPGTS_00003_FIPGTS_00008" finished-at="2022-07-19T16:13:32 IST" duration-ms="0" status="SKIP">
          <exception class="org.openqa.selenium.SessionNotCreatedException">
            <message>
              <![CDATA[session not created: This version of ChromeDriver only supports Chrome version 100
Current browser version is 103.0.5060.114 with binary path C:\Program Files\Google\Chrome\Application\chrome.exe
Build info: version: '3.14.0', revision: 'aacccce0', time: '2018-08-02T20:19:58.91Z'
System info: host: 'DESKTOP-M3LFRSK', ip: '192.168.1.131', os.name: 'Windows 10', os.arch: 'amd64', os.version: '10.0', java.version: '17.0.2'
Driver info: driver.version: ChromeDriver
remote stacktrace: Backtrace:
Ordinal0 [0x01037413+2389011]
Ordinal0 [0x00FC9F61+1941345]
Ordinal0 [0x00EBC658+837208]
Ordinal0 [0x00EDC773+968563]
Ordinal0 [0x00ED837A+951162]
Ordinal0 [0x00ED5C51+941137]
Ordinal0 [0x00F08C80+1150080]
Ordinal0 [0x00F088DA+1149146]
Ordinal0 [0x00F03F66+1130342]
Ordinal0 [0x00EDE546+976198]
Ordinal0 [0x00EDF456+980054]
GetHandleVerifier [0x011E9632+1727522]
GetHandleVerifier [0x0129BA4D+2457661]
GetHandleVerifier [0x010CEB81+569713]
GetHandleVerifier [0x010CDD76+566118]
Ordinal0 [0x00FD0B2B+1968939]
Ordinal0 [0x00FD5988+1989000]
Ordinal0 [0x00FD5A75+1989237]
Ordinal0 [0x00FDECB1+2026673]
BaseThreadInitThunk [0x76CCFA29+25]
RtlGetAppContainerNamedObjectPath [0x77BA7A9E+286]
RtlGetAppContainerNamedObjectPath [0x77BA7A6E+238]
]]>
            </message>
            <full-stacktrace>
              <![CDATA[org.openqa.selenium.SessionNotCreatedException: session not created: This version of ChromeDriver only supports Chrome version 100
Current browser version is 103.0.5060.114 with binary path C:\Program Files\Google\Chrome\Application\chrome.exe
Build info: version: '3.14.0', revision: 'aacccce0', time: '2018-08-02T20:19:58.91Z'
System info: host: 'DESKTOP-M3LFRSK', ip: '192.168.1.131', os.name: 'Windows 10', os.arch: 'amd64', os.version: '10.0', java.version: '17.0.2'
Driver info: driver.version: ChromeDriver
remote stacktrace: Backtrace:
Ordinal0 [0x01037413+2389011]
Ordinal0 [0x00FC9F61+1941345]
Ordinal0 [0x00EBC658+837208]
Ordinal0 [0x00EDC773+968563]
Ordinal0 [0x00ED837A+951162]
Ordinal0 [0x00ED5C51+941137]
Ordinal0 [0x00F08C80+1150080]
Ordinal0 [0x00F088DA+1149146]
Ordinal0 [0x00F03F66+1130342]
Ordinal0 [0x00EDE546+976198]
Ordinal0 [0x00EDF456+980054]
GetHandleVerifier [0x011E9632+1727522]
GetHandleVerifier [0x0129BA4D+2457661]
GetHandleVerifier [0x010CEB81+569713]
GetHandleVerifier [0x010CDD76+566118]
Ordinal0 [0x00FD0B2B+1968939]
Ordinal0 [0x00FD5988+1989000]
Ordinal0 [0x00FD5A75+1989237]
Ordinal0 [0x00FDECB1+2026673]
BaseThreadInitThunk [0x76CCFA29+25]
RtlGetAppContainerNamedObjectPath [0x77BA7A9E+286]
RtlGetAppContainerNamedObjectPath [0x77BA7A6E+238]

at java.base/jdk.internal.reflect.NativeConstructorAccessorImpl.newInstance0(Native Method)
at java.base/jdk.internal.reflect.NativeConstructorAccessorImpl.newInstance(NativeConstructorAccessorImpl.java:77)
at java.base/jdk.internal.reflect.DelegatingConstructorAccessorImpl.newInstance(DelegatingConstructorAccessorImpl.java:45)
at java.base/java.lang.reflect.Constructor.newInstanceWithCaller(Constructor.java:499)
at java.base/java.lang.reflect.Constructor.newInstance(Constructor.java:480)
at org.openqa.selenium.remote.W3CHandshakeResponse.lambda$new$0(W3CHandshakeResponse.java:57)
at org.openqa.selenium.remote.W3CHandshakeResponse.lambda$getResponseFunction$2(W3CHandshakeResponse.java:104)
at org.openqa.selenium.remote.ProtocolHandshake.lambda$createSession$0(ProtocolHandshake.java:122)
at java.base/java.util.stream.ReferencePipeline$3$1.accept(ReferencePipeline.java:197)
at java.base/java.util.Spliterators$ArraySpliterator.tryAdvance(Spliterators.java:1002)
at java.base/java.util.stream.ReferencePipeline.forEachWithCancel(ReferencePipeline.java:129)
at java.base/java.util.stream.AbstractPipeline.copyIntoWithCancel(AbstractPipeline.java:527)
at java.base/java.util.stream.AbstractPipeline.copyInto(AbstractPipeline.java:513)
at java.base/java.util.stream.AbstractPipeline.wrapAndCopyInto(AbstractPipeline.java:499)
at java.base/java.util.stream.FindOps$FindOp.evaluateSequential(FindOps.java:150)
at java.base/java.util.stream.AbstractPipeline.evaluate(AbstractPipeline.java:234)
at java.base/java.util.stream.ReferencePipeline.findFirst(ReferencePipeline.java:647)
at org.openqa.selenium.remote.ProtocolHandshake.createSession(ProtocolHandshake.java:125)
at org.openqa.selenium.remote.ProtocolHandshake.createSession(ProtocolHandshake.java:73)
at org.openqa.selenium.remote.HttpCommandExecutor.execute(HttpCommandExecutor.java:136)
at org.openqa.selenium.remote.service.DriverCommandExecutor.execute(DriverCommandExecutor.java:83)
at org.openqa.selenium.remote.RemoteWebDriver.execute(RemoteWebDriver.java:548)
at org.openqa.selenium.remote.RemoteWebDriver.startSession(RemoteWebDriver.java:212)
at org.openqa.selenium.remote.RemoteWebDriver.<init>(RemoteWebDriver.java:130)
at org.openqa.selenium.chrome.ChromeDriver.<init>(ChromeDriver.java:181)
at org.openqa.selenium.chrome.ChromeDriver.<init>(ChromeDriver.java:168)
at org.openqa.selenium.chrome.ChromeDriver.<init>(ChromeDriver.java:123)
at HomePage.Homepage.launch_Browser(Homepage.java:25)
at java.base/jdk.internal.reflect.NativeMethodAccessorImpl.invoke0(Native Method)
at java.base/jdk.internal.reflect.NativeMethodAccessorImpl.invoke(NativeMethodAccessorImpl.java:77)
at java.base/jdk.internal.reflect.DelegatingMethodAccessorImpl.invoke(DelegatingMethodAccessorImpl.java:43)
at java.base/java.lang.reflect.Method.invoke(Method.java:568)
at org.testng.internal.MethodInvocationHelper.invokeMethod(MethodInvocationHelper.java:133)
at org.testng.internal.MethodInvocationHelper.invokeMethodConsideringTimeout(MethodInvocationHelper.java:62)
at org.testng.internal.ConfigInvoker.invokeConfigurationMethod(ConfigInvoker.java:385)
at org.testng.internal.ConfigInvoker.invokeConfigurations(ConfigInvoker.java:321)
at org.testng.SuiteRunner.privateRun(SuiteRunner.java:317)
at org.testng.SuiteRunner.run(SuiteRunner.java:276)
at org.testng.SuiteRunnerWorker.runSuite(SuiteRunnerWorker.java:53)
at org.testng.SuiteRunnerWorker.run(SuiteRunnerWorker.java:96)
at org.testng.TestNG.runSuitesSequentially(TestNG.java:1212)
at org.testng.TestNG.runSuitesLocally(TestNG.java:1134)
at org.testng.TestNG.runSuites(TestNG.java:1063)
at org.testng.TestNG.run(TestNG.java:1031)
at org.testng.remote.AbstractRemoteTestNG.run(AbstractRemoteTestNG.java:115)
at org.testng.remote.RemoteTestNG.initAndRun(RemoteTestNG.java:251)
at org.testng.remote.RemoteTestNG.main(RemoteTestNG.java:77)
]]>
            </full-stacktrace>
          </exception> <!-- org.openqa.selenium.SessionNotCreatedException -->
          <reporter-output>
          </reporter-output>
        </test-method> <!-- FIPGTS_00003_FIPGTS_00008 -->
        <test-method signature="FIPGTS_00003_FIPGTS_00009()[pri:30, instance:HomePage.Homepage@54e1c68b]" started-at="2022-07-19T16:13:32 IST" name="FIPGTS_00003_FIPGTS_00009" finished-at="2022-07-19T16:13:32 IST" duration-ms="0" status="SKIP">
          <exception class="org.openqa.selenium.SessionNotCreatedException">
            <message>
              <![CDATA[session not created: This version of ChromeDriver only supports Chrome version 100
Current browser version is 103.0.5060.114 with binary path C:\Program Files\Google\Chrome\Application\chrome.exe
Build info: version: '3.14.0', revision: 'aacccce0', time: '2018-08-02T20:19:58.91Z'
System info: host: 'DESKTOP-M3LFRSK', ip: '192.168.1.131', os.name: 'Windows 10', os.arch: 'amd64', os.version: '10.0', java.version: '17.0.2'
Driver info: driver.version: ChromeDriver
remote stacktrace: Backtrace:
Ordinal0 [0x01037413+2389011]
Ordinal0 [0x00FC9F61+1941345]
Ordinal0 [0x00EBC658+837208]
Ordinal0 [0x00EDC773+968563]
Ordinal0 [0x00ED837A+951162]
Ordinal0 [0x00ED5C51+941137]
Ordinal0 [0x00F08C80+1150080]
Ordinal0 [0x00F088DA+1149146]
Ordinal0 [0x00F03F66+1130342]
Ordinal0 [0x00EDE546+976198]
Ordinal0 [0x00EDF456+980054]
GetHandleVerifier [0x011E9632+1727522]
GetHandleVerifier [0x0129BA4D+2457661]
GetHandleVerifier [0x010CEB81+569713]
GetHandleVerifier [0x010CDD76+566118]
Ordinal0 [0x00FD0B2B+1968939]
Ordinal0 [0x00FD5988+1989000]
Ordinal0 [0x00FD5A75+1989237]
Ordinal0 [0x00FDECB1+2026673]
BaseThreadInitThunk [0x76CCFA29+25]
RtlGetAppContainerNamedObjectPath [0x77BA7A9E+286]
RtlGetAppContainerNamedObjectPath [0x77BA7A6E+238]
]]>
            </message>
            <full-stacktrace>
              <![CDATA[org.openqa.selenium.SessionNotCreatedException: session not created: This version of ChromeDriver only supports Chrome version 100
Current browser version is 103.0.5060.114 with binary path C:\Program Files\Google\Chrome\Application\chrome.exe
Build info: version: '3.14.0', revision: 'aacccce0', time: '2018-08-02T20:19:58.91Z'
System info: host: 'DESKTOP-M3LFRSK', ip: '192.168.1.131', os.name: 'Windows 10', os.arch: 'amd64', os.version: '10.0', java.version: '17.0.2'
Driver info: driver.version: ChromeDriver
remote stacktrace: Backtrace:
Ordinal0 [0x01037413+2389011]
Ordinal0 [0x00FC9F61+1941345]
Ordinal0 [0x00EBC658+837208]
Ordinal0 [0x00EDC773+968563]
Ordinal0 [0x00ED837A+951162]
Ordinal0 [0x00ED5C51+941137]
Ordinal0 [0x00F08C80+1150080]
Ordinal0 [0x00F088DA+1149146]
Ordinal0 [0x00F03F66+1130342]
Ordinal0 [0x00EDE546+976198]
Ordinal0 [0x00EDF456+980054]
GetHandleVerifier [0x011E9632+1727522]
GetHandleVerifier [0x0129BA4D+2457661]
GetHandleVerifier [0x010CEB81+569713]
GetHandleVerifier [0x010CDD76+566118]
Ordinal0 [0x00FD0B2B+1968939]
Ordinal0 [0x00FD5988+1989000]
Ordinal0 [0x00FD5A75+1989237]
Ordinal0 [0x00FDECB1+2026673]
BaseThreadInitThunk [0x76CCFA29+25]
RtlGetAppContainerNamedObjectPath [0x77BA7A9E+286]
RtlGetAppContainerNamedObjectPath [0x77BA7A6E+238]

at java.base/jdk.internal.reflect.NativeConstructorAccessorImpl.newInstance0(Native Method)
at java.base/jdk.internal.reflect.NativeConstructorAccessorImpl.newInstance(NativeConstructorAccessorImpl.java:77)
at java.base/jdk.internal.reflect.DelegatingConstructorAccessorImpl.newInstance(DelegatingConstructorAccessorImpl.java:45)
at java.base/java.lang.reflect.Constructor.newInstanceWithCaller(Constructor.java:499)
at java.base/java.lang.reflect.Constructor.newInstance(Constructor.java:480)
at org.openqa.selenium.remote.W3CHandshakeResponse.lambda$new$0(W3CHandshakeResponse.java:57)
at org.openqa.selenium.remote.W3CHandshakeResponse.lambda$getResponseFunction$2(W3CHandshakeResponse.java:104)
at org.openqa.selenium.remote.ProtocolHandshake.lambda$createSession$0(ProtocolHandshake.java:122)
at java.base/java.util.stream.ReferencePipeline$3$1.accept(ReferencePipeline.java:197)
at java.base/java.util.Spliterators$ArraySpliterator.tryAdvance(Spliterators.java:1002)
at java.base/java.util.stream.ReferencePipeline.forEachWithCancel(ReferencePipeline.java:129)
at java.base/java.util.stream.AbstractPipeline.copyIntoWithCancel(AbstractPipeline.java:527)
at java.base/java.util.stream.AbstractPipeline.copyInto(AbstractPipeline.java:513)
at java.base/java.util.stream.AbstractPipeline.wrapAndCopyInto(AbstractPipeline.java:499)
at java.base/java.util.stream.FindOps$FindOp.evaluateSequential(FindOps.java:150)
at java.base/java.util.stream.AbstractPipeline.evaluate(AbstractPipeline.java:234)
at java.base/java.util.stream.ReferencePipeline.findFirst(ReferencePipeline.java:647)
at org.openqa.selenium.remote.ProtocolHandshake.createSession(ProtocolHandshake.java:125)
at org.openqa.selenium.remote.ProtocolHandshake.createSession(ProtocolHandshake.java:73)
at org.openqa.selenium.remote.HttpCommandExecutor.execute(HttpCommandExecutor.java:136)
at org.openqa.selenium.remote.service.DriverCommandExecutor.execute(DriverCommandExecutor.java:83)
at org.openqa.selenium.remote.RemoteWebDriver.execute(RemoteWebDriver.java:548)
at org.openqa.selenium.remote.RemoteWebDriver.startSession(RemoteWebDriver.java:212)
at org.openqa.selenium.remote.RemoteWebDriver.<init>(RemoteWebDriver.java:130)
at org.openqa.selenium.chrome.ChromeDriver.<init>(ChromeDriver.java:181)
at org.openqa.selenium.chrome.ChromeDriver.<init>(ChromeDriver.java:168)
at org.openqa.selenium.chrome.ChromeDriver.<init>(ChromeDriver.java:123)
at HomePage.Homepage.launch_Browser(Homepage.java:25)
at java.base/jdk.internal.reflect.NativeMethodAccessorImpl.invoke0(Native Method)
at java.base/jdk.internal.reflect.NativeMethodAccessorImpl.invoke(NativeMethodAccessorImpl.java:77)
at java.base/jdk.internal.reflect.DelegatingMethodAccessorImpl.invoke(DelegatingMethodAccessorImpl.java:43)
at java.base/java.lang.reflect.Method.invoke(Method.java:568)
at org.testng.internal.MethodInvocationHelper.invokeMethod(MethodInvocationHelper.java:133)
at org.testng.internal.MethodInvocationHelper.invokeMethodConsideringTimeout(MethodInvocationHelper.java:62)
at org.testng.internal.ConfigInvoker.invokeConfigurationMethod(ConfigInvoker.java:385)
at org.testng.internal.ConfigInvoker.invokeConfigurations(ConfigInvoker.java:321)
at org.testng.SuiteRunner.privateRun(SuiteRunner.java:317)
at org.testng.SuiteRunner.run(SuiteRunner.java:276)
at org.testng.SuiteRunnerWorker.runSuite(SuiteRunnerWorker.java:53)
at org.testng.SuiteRunnerWorker.run(SuiteRunnerWorker.java:96)
at org.testng.TestNG.runSuitesSequentially(TestNG.java:1212)
at org.testng.TestNG.runSuitesLocally(TestNG.java:1134)
at org.testng.TestNG.runSuites(TestNG.java:1063)
at org.testng.TestNG.run(TestNG.java:1031)
at org.testng.remote.AbstractRemoteTestNG.run(AbstractRemoteTestNG.java:115)
at org.testng.remote.RemoteTestNG.initAndRun(RemoteTestNG.java:251)
at org.testng.remote.RemoteTestNG.main(RemoteTestNG.java:77)
]]>
            </full-stacktrace>
          </exception> <!-- org.openqa.selenium.SessionNotCreatedException -->
          <reporter-output>
          </reporter-output>
        </test-method> <!-- FIPGTS_00003_FIPGTS_00009 -->
        <test-method is-config="true" signature="Close_Browser()[pri:0, instance:HomePage.Homepage@54e1c68b]" started-at="2022-07-19T16:13:32 IST" name="Close_Browser" finished-at="1970-01-01T05:30:00 IST" duration-ms="-1658227412888" status="SKIP">
          <reporter-output>
          </reporter-output>
        </test-method> <!-- Close_Browser -->
      </class> <!-- HomePage.Homepage -->
    </test> <!-- Default test -->
  </suite> <!-- Default suite -->
</testng-results>
