<?xml version="1.0" encoding="UTF-8"?>
<testng-results ignored="0" total="28" passed="28" failed="0" skipped="0">
  <reporter-output>
  </reporter-output>
  <suite started-at="2022-09-26T15:44:39 IST" name="Default suite" finished-at="2022-09-26T15:47:19 IST" duration-ms="159585">
    <groups>
    </groups>
    <test started-at="2022-09-26T15:44:39 IST" name="Default test" finished-at="2022-09-26T15:47:19 IST" duration-ms="159585">
      <class name="HomePage.Homepage">
        <test-method is-config="true" signature="launch_Browser()[pri:0, instance:HomePage.Homepage@f6efaab]" started-at="2022-09-26T15:44:34 IST" name="launch_Browser" finished-at="2022-09-26T15:44:39 IST" duration-ms="5200" status="PASS">
          <reporter-output>
          </reporter-output>
        </test-method> <!-- launch_Browser -->
        <test-method signature="FIPGTS_00001_FIPGTS_00001()[pri:1, instance:HomePage.Homepage@f6efaab]" started-at="2022-09-26T15:44:39 IST" name="FIPGTS_00001_FIPGTS_00001" finished-at="2022-09-26T15:44:42 IST" duration-ms="2755" status="PASS">
          <reporter-output>
          </reporter-output>
        </test-method> <!-- FIPGTS_00001_FIPGTS_00001 -->
        <test-method signature="FIPGTS_00002()[pri:2, instance:HomePage.Homepage@f6efaab]" started-at="2022-09-26T15:44:42 IST" name="FIPGTS_00002" finished-at="2022-09-26T15:44:50 IST" duration-ms="8289" status="PASS">
          <reporter-output>
          </reporter-output>
        </test-method> <!-- FIPGTS_00002 -->
        <test-method signature="FIPGTS_00001_FIPGTS_00003()[pri:3, instance:HomePage.Homepage@f6efaab]" started-at="2022-09-26T15:44:50 IST" name="FIPGTS_00001_FIPGTS_00003" finished-at="2022-09-26T15:44:53 IST" duration-ms="2602" status="PASS">
          <reporter-output>
          </reporter-output>
        </test-method> <!-- FIPGTS_00001_FIPGTS_00003 -->
        <test-method signature="FIPGTS_00001_FIPGTS_00004()[pri:4, instance:HomePage.Homepage@f6efaab]" started-at="2022-09-26T15:44:53 IST" name="FIPGTS_00001_FIPGTS_00004" finished-at="2022-09-26T15:44:55 IST" duration-ms="2232" status="PASS">
          <reporter-output>
          </reporter-output>
        </test-method> <!-- FIPGTS_00001_FIPGTS_00004 -->
        <test-method signature="FIPGTS_00001_FIPGTS_00005()[pri:5, instance:HomePage.Homepage@f6efaab]" started-at="2022-09-26T15:44:55 IST" name="FIPGTS_00001_FIPGTS_00005" finished-at="2022-09-26T15:44:59 IST" duration-ms="4305" status="PASS">
          <reporter-output>
          </reporter-output>
        </test-method> <!-- FIPGTS_00001_FIPGTS_00005 -->
        <test-method signature="FIPGTS_00001_FIPGTS_00006()[pri:6, instance:HomePage.Homepage@f6efaab]" started-at="2022-09-26T15:44:59 IST" name="FIPGTS_00001_FIPGTS_00006" finished-at="2022-09-26T15:45:10 IST" duration-ms="10214" status="PASS">
          <reporter-output>
          </reporter-output>
        </test-method> <!-- FIPGTS_00001_FIPGTS_00006 -->
        <test-method signature="FIPGTS_00001_FIPGTS_00007()[pri:7, instance:HomePage.Homepage@f6efaab]" started-at="2022-09-26T15:45:10 IST" name="FIPGTS_00001_FIPGTS_00007" finished-at="2022-09-26T15:45:14 IST" duration-ms="4348" status="PASS">
          <reporter-output>
          </reporter-output>
        </test-method> <!-- FIPGTS_00001_FIPGTS_00007 -->
        <test-method signature="FIPGTS_00001_FIPGTS_00008()[pri:8, instance:HomePage.Homepage@f6efaab]" started-at="2022-09-26T15:45:14 IST" name="FIPGTS_00001_FIPGTS_00008" finished-at="2022-09-26T15:45:16 IST" duration-ms="2508" status="PASS">
          <reporter-output>
          </reporter-output>
        </test-method> <!-- FIPGTS_00001_FIPGTS_00008 -->
        <test-method signature="FIPGTS_00002_FIPGTS_00001()[pri:10, instance:HomePage.Homepage@f6efaab]" started-at="2022-09-26T15:45:16 IST" name="FIPGTS_00002_FIPGTS_00001" finished-at="2022-09-26T15:45:19 IST" duration-ms="2499" status="PASS">
          <reporter-output>
          </reporter-output>
        </test-method> <!-- FIPGTS_00002_FIPGTS_00001 -->
        <test-method signature="FIPGTS_00002_FIPGTS_00002()[pri:11, instance:HomePage.Homepage@f6efaab]" started-at="2022-09-26T15:45:19 IST" name="FIPGTS_00002_FIPGTS_00002" finished-at="2022-09-26T15:45:21 IST" duration-ms="2510" status="PASS">
          <reporter-output>
          </reporter-output>
        </test-method> <!-- FIPGTS_00002_FIPGTS_00002 -->
        <test-method signature="FIPGTS_00002_FIPGTS_00003()[pri:12, instance:HomePage.Homepage@f6efaab]" started-at="2022-09-26T15:45:21 IST" name="FIPGTS_00002_FIPGTS_00003" finished-at="2022-09-26T15:45:24 IST" duration-ms="2497" status="PASS">
          <reporter-output>
          </reporter-output>
        </test-method> <!-- FIPGTS_00002_FIPGTS_00003 -->
        <test-method signature="FIPGTS_00002_FIPGTS_00004()[pri:13, instance:HomePage.Homepage@f6efaab]" started-at="2022-09-26T15:45:24 IST" name="FIPGTS_00002_FIPGTS_00004" finished-at="2022-09-26T15:45:26 IST" duration-ms="2503" status="PASS">
          <reporter-output>
          </reporter-output>
        </test-method> <!-- FIPGTS_00002_FIPGTS_00004 -->
        <test-method signature="FIPGTS_00002_FIPGTS_00005()[pri:14, instance:HomePage.Homepage@f6efaab]" started-at="2022-09-26T15:45:26 IST" name="FIPGTS_00002_FIPGTS_00005" finished-at="2022-09-26T15:45:29 IST" duration-ms="2495" status="PASS">
          <reporter-output>
          </reporter-output>
        </test-method> <!-- FIPGTS_00002_FIPGTS_00005 -->
        <test-method signature="FIPGTS_00002_FIPGTS_00006()[pri:15, instance:HomePage.Homepage@f6efaab]" started-at="2022-09-26T15:45:29 IST" name="FIPGTS_00002_FIPGTS_00006" finished-at="2022-09-26T15:45:31 IST" duration-ms="2499" status="PASS">
          <reporter-output>
          </reporter-output>
        </test-method> <!-- FIPGTS_00002_FIPGTS_00006 -->
        <test-method signature="FIPGTS_00002_FIPGTS_00007()[pri:16, instance:HomePage.Homepage@f6efaab]" started-at="2022-09-26T15:45:31 IST" name="FIPGTS_00002_FIPGTS_00007" finished-at="2022-09-26T15:45:42 IST" duration-ms="10645" status="PASS">
          <reporter-output>
          </reporter-output>
        </test-method> <!-- FIPGTS_00002_FIPGTS_00007 -->
        <test-method signature="FIPGTS_00002_FIPGTS_00008()[pri:17, instance:HomePage.Homepage@f6efaab]" started-at="2022-09-26T15:45:42 IST" name="FIPGTS_00002_FIPGTS_00008" finished-at="2022-09-26T15:45:49 IST" duration-ms="7037" status="PASS">
          <reporter-output>
          </reporter-output>
        </test-method> <!-- FIPGTS_00002_FIPGTS_00008 -->
        <test-method signature="FIPGTS_00002_FIPGTS_00009()[pri:18, instance:HomePage.Homepage@f6efaab]" started-at="2022-09-26T15:45:49 IST" name="FIPGTS_00002_FIPGTS_00009" finished-at="2022-09-26T15:45:57 IST" duration-ms="8325" status="PASS">
          <reporter-output>
          </reporter-output>
        </test-method> <!-- FIPGTS_00002_FIPGTS_00009 -->
        <test-method signature="FIPGTS_00002_FIPGTS_000010()[pri:19, instance:HomePage.Homepage@f6efaab]" started-at="2022-09-26T15:45:57 IST" name="FIPGTS_00002_FIPGTS_000010" finished-at="2022-09-26T15:46:05 IST" duration-ms="7651" status="PASS">
          <reporter-output>
          </reporter-output>
        </test-method> <!-- FIPGTS_00002_FIPGTS_000010 -->
        <test-method signature="FIPGTS_00002_FIPGTS_000011()[pri:20, instance:HomePage.Homepage@f6efaab]" started-at="2022-09-26T15:46:05 IST" name="FIPGTS_00002_FIPGTS_000011" finished-at="2022-09-26T15:46:10 IST" duration-ms="5209" status="PASS">
          <reporter-output>
          </reporter-output>
        </test-method> <!-- FIPGTS_00002_FIPGTS_000011 -->
        <test-method signature="FIPGTS_00002_FIPGTS_000012()[pri:21, instance:HomePage.Homepage@f6efaab]" started-at="2022-09-26T15:46:10 IST" name="FIPGTS_00002_FIPGTS_000012" finished-at="2022-09-26T15:46:16 IST" duration-ms="6005" status="PASS">
          <reporter-output>
          </reporter-output>
        </test-method> <!-- FIPGTS_00002_FIPGTS_000012 -->
        <test-method signature="FIPGTS_00003_FIPGTS_00001()[pri:22, instance:HomePage.Homepage@f6efaab]" started-at="2022-09-26T15:46:16 IST" name="FIPGTS_00003_FIPGTS_00001" finished-at="2022-09-26T15:46:22 IST" duration-ms="5452" status="PASS">
          <reporter-output>
          </reporter-output>
        </test-method> <!-- FIPGTS_00003_FIPGTS_00001 -->
        <test-method signature="FIPGTS_00003_FIPGTS_00002()[pri:23, instance:HomePage.Homepage@f6efaab]" started-at="2022-09-26T15:46:22 IST" name="FIPGTS_00003_FIPGTS_00002" finished-at="2022-09-26T15:46:28 IST" duration-ms="6086" status="PASS">
          <reporter-output>
          </reporter-output>
        </test-method> <!-- FIPGTS_00003_FIPGTS_00002 -->
        <test-method signature="FIPGTS_00003_FIPGTS_00003()[pri:24, instance:HomePage.Homepage@f6efaab]" started-at="2022-09-26T15:46:28 IST" name="FIPGTS_00003_FIPGTS_00003" finished-at="2022-09-26T15:46:34 IST" duration-ms="5877" status="PASS">
          <reporter-output>
          </reporter-output>
        </test-method> <!-- FIPGTS_00003_FIPGTS_00003 -->
        <test-method signature="FIPGTS_00003_FIPGTS_00004()[pri:25, instance:HomePage.Homepage@f6efaab]" started-at="2022-09-26T15:46:34 IST" name="FIPGTS_00003_FIPGTS_00004" finished-at="2022-09-26T15:46:41 IST" duration-ms="7402" status="PASS">
          <reporter-output>
          </reporter-output>
        </test-method> <!-- FIPGTS_00003_FIPGTS_00004 -->
        <test-method signature="FIPGTS_00003_FIPGTS_00006()[pri:27, instance:HomePage.Homepage@f6efaab]" started-at="2022-09-26T15:46:41 IST" name="FIPGTS_00003_FIPGTS_00006" finished-at="2022-09-26T15:46:58 IST" duration-ms="16536" status="PASS">
          <reporter-output>
          </reporter-output>
        </test-method> <!-- FIPGTS_00003_FIPGTS_00006 -->
        <test-method signature="FIPGTS_00003_FIPGTS_00007()[pri:28, instance:HomePage.Homepage@f6efaab]" started-at="2022-09-26T15:46:58 IST" name="FIPGTS_00003_FIPGTS_00007" finished-at="2022-09-26T15:47:10 IST" duration-ms="12288" status="PASS">
          <reporter-output>
          </reporter-output>
        </test-method> <!-- FIPGTS_00003_FIPGTS_00007 -->
        <test-method signature="FIPGTS_00003_FIPGTS_00008()[pri:29, instance:HomePage.Homepage@f6efaab]" started-at="2022-09-26T15:47:10 IST" name="FIPGTS_00003_FIPGTS_00008" finished-at="2022-09-26T15:47:14 IST" duration-ms="4488" status="PASS">
          <reporter-output>
          </reporter-output>
        </test-method> <!-- FIPGTS_00003_FIPGTS_00008 -->
        <test-method signature="FIPGTS_00003_FIPGTS_00009()[pri:30, instance:HomePage.Homepage@f6efaab]" started-at="2022-09-26T15:47:14 IST" name="FIPGTS_00003_FIPGTS_00009" finished-at="2022-09-26T15:47:19 IST" duration-ms="4223" status="PASS">
          <reporter-output>
          </reporter-output>
        </test-method> <!-- FIPGTS_00003_FIPGTS_00009 -->
        <test-method is-config="true" signature="Close_Browser()[pri:0, instance:HomePage.Homepage@f6efaab]" started-at="2022-09-26T15:47:19 IST" name="Close_Browser" finished-at="2022-09-26T15:47:19 IST" duration-ms="61" status="PASS">
          <reporter-output>
          </reporter-output>
        </test-method> <!-- Close_Browser -->
      </class> <!-- HomePage.Homepage -->
    </test> <!-- Default test -->
  </suite> <!-- Default suite -->
</testng-results>
